{"C:\\Projects\\Ksusha\\strain_collection_v2\\backend\\src\\app.controller.ts": {"path":"C:\\Projects\\Ksusha\\strain_collection_v2\\backend\\src\\app.controller.ts","statementMap":{"0":{"start":{"line":1,"column":0},"end":{"line":1,"column":49}},"1":{"start":{"line":2,"column":0},"end":{"line":2,"column":43}},"2":{"start":{"line":5,"column":7},"end":{"line":12,"column":null}},"3":{"start":{"line":6,"column":31},"end":{"line":6,"column":43}},"4":{"start":{"line":10,"column":4},"end":{"line":10,"column":38}},"5":{"start":{"line":5,"column":13},"end":{"line":5,"column":26}},"6":{"start":{"line":9,"column":2},"end":{"line":11,"column":null}},"7":{"start":{"line":5,"column":13},"end":{"line":12,"column":null}}},"fnMap":{"0":{"name":"(anonymous_2)","decl":{"start":{"line":6,"column":2},"end":{"line":6,"column":31}},"loc":{"start":{"line":6,"column":53},"end":{"line":6,"column":57}}},"1":{"name":"(anonymous_3)","decl":{"start":{"line":9,"column":2},"end":{"line":9,"column":10}},"loc":{"start":{"line":9,"column":10},"end":{"line":11,"column":3}}}},"branchMap":{"0":{"loc":{"start":{"line":6,"column":43},"end":{"line":6,"column":56}},"type":"cond-expr","locations":[{"start":{"line":6,"column":53},"end":{"line":6,"column":56}},{"start":{"line":6,"column":53},"end":{"line":6,"column":56}}]},"1":{"loc":{"start":{"line":6,"column":43},"end":{"line":6,"column":53}},"type":"binary-expr","locations":[{"start":{"line":6,"column":43},"end":{"line":6,"column":56}},{"start":{"line":6,"column":43},"end":{"line":6,"column":53}}]}},"s":{"0":1,"1":1,"2":1,"3":1,"4":1,"5":1,"6":1,"7":1},"f":{"0":1,"1":1},"b":{"0":[1,0],"1":[1,1]}}
,"C:\\Projects\\Ksusha\\strain_collection_v2\\backend\\src\\app.module.ts": {"path":"C:\\Projects\\Ksusha\\strain_collection_v2\\backend\\src\\app.module.ts","statementMap":{"0":{"start":{"line":1,"column":0},"end":{"line":1,"column":40}},"1":{"start":{"line":2,"column":0},"end":{"line":2,"column":46}},"2":{"start":{"line":3,"column":0},"end":{"line":3,"column":49}},"3":{"start":{"line":4,"column":0},"end":{"line":4,"column":43}},"4":{"start":{"line":5,"column":0},"end":{"line":5,"column":54}},"5":{"start":{"line":6,"column":0},"end":{"line":6,"column":60}},"6":{"start":{"line":7,"column":0},"end":{"line":7,"column":57}},"7":{"start":{"line":8,"column":0},"end":{"line":8,"column":57}},"8":{"start":{"line":9,"column":0},"end":{"line":9,"column":57}},"9":{"start":{"line":10,"column":0},"end":{"line":10,"column":51}},"10":{"start":{"line":11,"column":0},"end":{"line":11,"column":48}},"11":{"start":{"line":13,"column":0},"end":{"line":13,"column":48}},"12":{"start":{"line":14,"column":0},"end":{"line":14,"column":51}},"13":{"start":{"line":15,"column":0},"end":{"line":15,"column":63}},"14":{"start":{"line":16,"column":0},"end":{"line":16,"column":51}},"15":{"start":{"line":40,"column":7},"end":{"line":40,"column":null}},"16":{"start":{"line":40,"column":13},"end":{"line":40,"column":22}},"17":{"start":{"line":40,"column":13},"end":{"line":40,"column":null}}},"fnMap":{},"branchMap":{},"s":{"0":0,"1":0,"2":0,"3":0,"4":0,"5":0,"6":0,"7":0,"8":0,"9":0,"10":0,"11":0,"12":0,"13":0,"14":0,"15":0,"16":0,"17":0},"f":{},"b":{}}
,"C:\\Projects\\Ksusha\\strain_collection_v2\\backend\\src\\app.service.ts": {"path":"C:\\Projects\\Ksusha\\strain_collection_v2\\backend\\src\\app.service.ts","statementMap":{"0":{"start":{"line":1,"column":0},"end":{"line":1,"column":44}},"1":{"start":{"line":4,"column":7},"end":{"line":8,"column":null}},"2":{"start":{"line":6,"column":4},"end":{"line":6,"column":26}},"3":{"start":{"line":4,"column":13},"end":{"line":4,"column":23}},"4":{"start":{"line":4,"column":13},"end":{"line":8,"column":null}}},"fnMap":{"0":{"name":"(anonymous_1)","decl":{"start":{"line":5,"column":2},"end":{"line":5,"column":10}},"loc":{"start":{"line":5,"column":10},"end":{"line":7,"column":3}}}},"branchMap":{},"s":{"0":1,"1":1,"2":1,"3":1,"4":1},"f":{"0":1},"b":{}}
,"C:\\Projects\\Ksusha\\strain_collection_v2\\backend\\src\\main.ts": {"path":"C:\\Projects\\Ksusha\\strain_collection_v2\\backend\\src\\main.ts","statementMap":{"0":{"start":{"line":1,"column":0},"end":{"line":1,"column":43}},"1":{"start":{"line":2,"column":0},"end":{"line":2,"column":41}},"2":{"start":{"line":3,"column":0},"end":{"line":3,"column":65}},"3":{"start":{"line":4,"column":0},"end":{"line":4,"column":48}},"4":{"start":{"line":7,"column":14},"end":{"line":7,"column":49}},"5":{"start":{"line":10,"column":2},"end":{"line":13,"column":5}},"6":{"start":{"line":16,"column":2},"end":{"line":22,"column":4}},"7":{"start":{"line":25,"column":17},"end":{"line":32,"column":12}},"8":{"start":{"line":33,"column":19},"end":{"line":33,"column":60}},"9":{"start":{"line":34,"column":2},"end":{"line":34,"column":45}},"10":{"start":{"line":36,"column":2},"end":{"line":36,"column":45}},"11":{"start":{"line":38,"column":0},"end":{"line":38,"column":12}}},"fnMap":{"0":{"name":"bootstrap","decl":{"start":{"line":6,"column":15},"end":{"line":6,"column":24}},"loc":{"start":{"line":6,"column":24},"end":{"line":37,"column":1}}}},"branchMap":{"0":{"loc":{"start":{"line":36,"column":19},"end":{"line":36,"column":43}},"type":"binary-expr","locations":[{"start":{"line":36,"column":19},"end":{"line":36,"column":35}},{"start":{"line":36,"column":39},"end":{"line":36,"column":43}}]}},"s":{"0":0,"1":0,"2":0,"3":0,"4":0,"5":0,"6":0,"7":0,"8":0,"9":0,"10":0,"11":0},"f":{"0":0},"b":{"0":[0,0]}}
,"C:\\Projects\\Ksusha\\strain_collection_v2\\backend\\src\\admin\\admin.module.ts": {"path":"C:\\Projects\\Ksusha\\strain_collection_v2\\backend\\src\\admin\\admin.module.ts","statementMap":{"0":{"start":{"line":1,"column":0},"end":{"line":1,"column":40}},"1":{"start":{"line":2,"column":0},"end":{"line":2,"column":63}},"2":{"start":{"line":3,"column":0},"end":{"line":3,"column":30}},"3":{"start":{"line":4,"column":0},"end":{"line":4,"column":53}},"4":{"start":{"line":5,"column":0},"end":{"line":5,"column":55}},"5":{"start":{"line":6,"column":0},"end":{"line":6,"column":57}},"6":{"start":{"line":7,"column":0},"end":{"line":7,"column":49}},"7":{"start":{"line":8,"column":0},"end":{"line":8,"column":51}},"8":{"start":{"line":9,"column":0},"end":{"line":9,"column":52}},"9":{"start":{"line":10,"column":0},"end":{"line":10,"column":53}},"10":{"start":{"line":12,"column":0},"end":{"line":12,"column":48}},"11":{"start":{"line":68,"column":7},"end":{"line":68,"column":null}},"12":{"start":{"line":68,"column":13},"end":{"line":68,"column":24}},"13":{"start":{"line":68,"column":13},"end":{"line":68,"column":null}},"14":{"start":{"line":20,"column":22},"end":{"line":20,"column":46}},"15":{"start":{"line":21,"column":29},"end":{"line":21,"column":61}},"16":{"start":{"line":23,"column":8},"end":{"line":63,"column":10}},"17":{"start":{"line":29,"column":14},"end":{"line":29,"column":75}},"18":{"start":{"line":31,"column":14},"end":{"line":49,"column":15}},"19":{"start":{"line":32,"column":29},"end":{"line":32,"column":76}},"20":{"start":{"line":34,"column":16},"end":{"line":37,"column":17}},"21":{"start":{"line":35,"column":18},"end":{"line":35,"column":62}},"22":{"start":{"line":36,"column":18},"end":{"line":36,"column":30}},"23":{"start":{"line":39,"column":16},"end":{"line":42,"column":17}},"24":{"start":{"line":40,"column":18},"end":{"line":40,"column":74}},"25":{"start":{"line":41,"column":18},"end":{"line":41,"column":30}},"26":{"start":{"line":44,"column":16},"end":{"line":44,"column":66}},"27":{"start":{"line":45,"column":16},"end":{"line":45,"column":62}},"28":{"start":{"line":47,"column":16},"end":{"line":47,"column":70}},"29":{"start":{"line":48,"column":16},"end":{"line":48,"column":28}}},"fnMap":{"0":{"name":"(anonymous_2)","decl":{"start":{"line":19,"column":18},"end":{"line":19,"column":23}},"loc":{"start":{"line":19,"column":76},"end":{"line":64,"column":7}}},"1":{"name":"(anonymous_3)","decl":{"start":{"line":28,"column":26},"end":{"line":28,"column":31}},"loc":{"start":{"line":28,"column":68},"end":{"line":50,"column":13}}}},"branchMap":{"0":{"loc":{"start":{"line":34,"column":16},"end":{"line":37,"column":17}},"type":"if","locations":[{"start":{"line":34,"column":16},"end":{"line":37,"column":17}},{"start":{},"end":{}}]},"1":{"loc":{"start":{"line":39,"column":16},"end":{"line":42,"column":17}},"type":"if","locations":[{"start":{"line":39,"column":16},"end":{"line":42,"column":17}},{"start":{},"end":{}}]},"2":{"loc":{"start":{"line":53,"column":14},"end":{"line":54,"column":49}},"type":"binary-expr","locations":[{"start":{"line":53,"column":14},"end":{"line":53,"column":45}},{"start":{"line":54,"column":14},"end":{"line":54,"column":49}}]},"3":{"loc":{"start":{"line":60,"column":14},"end":{"line":61,"column":51}},"type":"binary-expr","locations":[{"start":{"line":60,"column":14},"end":{"line":60,"column":46}},{"start":{"line":61,"column":14},"end":{"line":61,"column":51}}]}},"s":{"0":0,"1":0,"2":0,"3":0,"4":0,"5":0,"6":0,"7":0,"8":0,"9":0,"10":0,"11":0,"12":0,"13":0,"14":0,"15":0,"16":0,"17":0,"18":0,"19":0,"20":0,"21":0,"22":0,"23":0,"24":0,"25":0,"26":0,"27":0,"28":0,"29":0},"f":{"0":0,"1":0},"b":{"0":[0,0],"1":[0,0],"2":[0,0],"3":[0,0]}}
,"C:\\Projects\\Ksusha\\strain_collection_v2\\backend\\src\\admin\\admin.options.ts": {"path":"C:\\Projects\\Ksusha\\strain_collection_v2\\backend\\src\\admin\\admin.options.ts","statementMap":{"0":{"start":{"line":4,"column":34},"end":{"line":217,"column":1}},"1":{"start":{"line":5,"column":2},"end":{"line":216,"column":4}},"2":{"start":{"line":4,"column":13},"end":{"line":4,"column":34}}},"fnMap":{"0":{"name":"(anonymous_0)","decl":{"start":{"line":4,"column":34},"end":{"line":4,"column":35}},"loc":{"start":{"line":4,"column":70},"end":{"line":217,"column":1}}}},"branchMap":{},"s":{"0":0,"1":0,"2":0},"f":{"0":0},"b":{}}
,"C:\\Projects\\Ksusha\\strain_collection_v2\\backend\\src\\analytics\\analytics.controller.ts": {"path":"C:\\Projects\\Ksusha\\strain_collection_v2\\backend\\src\\analytics\\analytics.controller.ts","statementMap":{"0":{"start":{"line":1,"column":0},"end":{"line":1,"column":60}},"1":{"start":{"line":2,"column":0},"end":{"line":2,"column":57}},"2":{"start":{"line":3,"column":0},"end":{"line":3,"column":55}},"3":{"start":{"line":4,"column":0},"end":{"line":4,"column":54}},"4":{"start":{"line":5,"column":0},"end":{"line":5,"column":55}},"5":{"start":{"line":6,"column":0},"end":{"line":6,"column":65}},"6":{"start":{"line":12,"column":7},"end":{"line":20,"column":null}},"7":{"start":{"line":13,"column":31},"end":{"line":13,"column":49}},"8":{"start":{"line":18,"column":4},"end":{"line":18,"column":44}},"9":{"start":{"line":12,"column":13},"end":{"line":12,"column":32}},"10":{"start":{"line":17,"column":2},"end":{"line":19,"column":null}},"11":{"start":{"line":16,"column":30},"end":{"line":16,"column":62}},"12":{"start":{"line":12,"column":13},"end":{"line":20,"column":null}}},"fnMap":{"0":{"name":"(anonymous_2)","decl":{"start":{"line":13,"column":2},"end":{"line":13,"column":31}},"loc":{"start":{"line":13,"column":65},"end":{"line":13,"column":69}}},"1":{"name":"(anonymous_3)","decl":{"start":{"line":17,"column":2},"end":{"line":17,"column":10}},"loc":{"start":{"line":17,"column":10},"end":{"line":19,"column":3}}},"2":{"name":"(anonymous_4)","decl":{"start":{"line":16,"column":17},"end":{"line":16,"column":18}},"loc":{"start":{"line":16,"column":30},"end":{"line":16,"column":62}}}},"branchMap":{"0":{"loc":{"start":{"line":13,"column":49},"end":{"line":13,"column":68}},"type":"cond-expr","locations":[{"start":{"line":13,"column":65},"end":{"line":13,"column":68}},{"start":{"line":13,"column":65},"end":{"line":13,"column":68}}]},"1":{"loc":{"start":{"line":13,"column":49},"end":{"line":13,"column":65}},"type":"binary-expr","locations":[{"start":{"line":13,"column":49},"end":{"line":13,"column":68}},{"start":{"line":13,"column":49},"end":{"line":13,"column":65}}]}},"s":{"0":0,"1":0,"2":0,"3":0,"4":0,"5":0,"6":0,"7":0,"8":0,"9":0,"10":0,"11":0,"12":0},"f":{"0":0,"1":0,"2":0},"b":{"0":[0,0],"1":[0,0]}}
,"C:\\Projects\\Ksusha\\strain_collection_v2\\backend\\src\\analytics\\analytics.module.ts": {"path":"C:\\Projects\\Ksusha\\strain_collection_v2\\backend\\src\\analytics\\analytics.module.ts","statementMap":{"0":{"start":{"line":1,"column":0},"end":{"line":1,"column":40}},"1":{"start":{"line":2,"column":0},"end":{"line":2,"column":55}},"2":{"start":{"line":3,"column":0},"end":{"line":3,"column":55}},"3":{"start":{"line":4,"column":0},"end":{"line":4,"column":61}},"4":{"start":{"line":5,"column":0},"end":{"line":5,"column":49}},"5":{"start":{"line":12,"column":7},"end":{"line":12,"column":null}},"6":{"start":{"line":12,"column":13},"end":{"line":12,"column":28}},"7":{"start":{"line":12,"column":13},"end":{"line":12,"column":null}}},"fnMap":{},"branchMap":{},"s":{"0":0,"1":0,"2":0,"3":0,"4":0,"5":0,"6":0,"7":0},"f":{},"b":{}}
,"C:\\Projects\\Ksusha\\strain_collection_v2\\backend\\src\\analytics\\analytics.service.ts": {"path":"C:\\Projects\\Ksusha\\strain_collection_v2\\backend\\src\\analytics\\analytics.service.ts","statementMap":{"0":{"start":{"line":1,"column":0},"end":{"line":1,"column":44}},"1":{"start":{"line":2,"column":0},"end":{"line":2,"column":57}},"2":{"start":{"line":5,"column":7},"end":{"line":45,"column":null}},"3":{"start":{"line":6,"column":22},"end":{"line":6,"column":30}},"4":{"start":{"line":16,"column":8},"end":{"line":34,"column":6}},"5":{"start":{"line":36,"column":4},"end":{"line":43,"column":6}},"6":{"start":{"line":5,"column":13},"end":{"line":5,"column":29}},"7":{"start":{"line":5,"column":13},"end":{"line":45,"column":null}}},"fnMap":{"0":{"name":"(anonymous_2)","decl":{"start":{"line":6,"column":2},"end":{"line":6,"column":22}},"loc":{"start":{"line":6,"column":43},"end":{"line":6,"column":47}}},"1":{"name":"(anonymous_3)","decl":{"start":{"line":8,"column":2},"end":{"line":8,"column":7}},"loc":{"start":{"line":8,"column":16},"end":{"line":44,"column":3}}}},"branchMap":{"0":{"loc":{"start":{"line":6,"column":30},"end":{"line":6,"column":46}},"type":"cond-expr","locations":[{"start":{"line":6,"column":43},"end":{"line":6,"column":46}},{"start":{"line":6,"column":43},"end":{"line":6,"column":46}}]},"1":{"loc":{"start":{"line":6,"column":30},"end":{"line":6,"column":43}},"type":"binary-expr","locations":[{"start":{"line":6,"column":30},"end":{"line":6,"column":46}},{"start":{"line":6,"column":30},"end":{"line":6,"column":43}}]}},"s":{"0":1,"1":1,"2":1,"3":1,"4":1,"5":1,"6":1,"7":1},"f":{"0":1,"1":1},"b":{"0":[1,0],"1":[1,1]}}
,"C:\\Projects\\Ksusha\\strain_collection_v2\\backend\\src\\audit\\audit-log.controller.ts": {"path":"C:\\Projects\\Ksusha\\strain_collection_v2\\backend\\src\\audit\\audit-log.controller.ts","statementMap":{"0":{"start":{"line":1,"column":0},"end":{"line":1,"column":67}},"1":{"start":{"line":2,"column":0},"end":{"line":2,"column":57}},"2":{"start":{"line":3,"column":0},"end":{"line":3,"column":54}},"3":{"start":{"line":4,"column":0},"end":{"line":4,"column":54}},"4":{"start":{"line":5,"column":0},"end":{"line":5,"column":55}},"5":{"start":{"line":6,"column":0},"end":{"line":6,"column":65}},"6":{"start":{"line":12,"column":7},"end":{"line":39,"column":null}},"7":{"start":{"line":13,"column":22},"end":{"line":13,"column":39}},"8":{"start":{"line":23,"column":4},"end":{"line":28,"column":7}},"9":{"start":{"line":37,"column":4},"end":{"line":37,"column":73}},"10":{"start":{"line":12,"column":13},"end":{"line":12,"column":31}},"11":{"start":{"line":17,"column":2},"end":{"line":29,"column":null}},"12":{"start":{"line":16,"column":30},"end":{"line":16,"column":61}},"13":{"start":{"line":33,"column":2},"end":{"line":38,"column":null}},"14":{"start":{"line":32,"column":30},"end":{"line":32,"column":61}},"15":{"start":{"line":12,"column":13},"end":{"line":39,"column":null}}},"fnMap":{"0":{"name":"(anonymous_4)","decl":{"start":{"line":13,"column":2},"end":{"line":13,"column":22}},"loc":{"start":{"line":13,"column":54},"end":{"line":13,"column":58}}},"1":{"name":"(anonymous_5)","decl":{"start":{"line":17,"column":2},"end":{"line":17,"column":9}},"loc":{"start":{"line":21,"column":38},"end":{"line":29,"column":3}}},"2":{"name":"(anonymous_6)","decl":{"start":{"line":33,"column":2},"end":{"line":33,"column":14}},"loc":{"start":{"line":35,"column":39},"end":{"line":38,"column":3}}},"3":{"name":"(anonymous_7)","decl":{"start":{"line":16,"column":17},"end":{"line":16,"column":18}},"loc":{"start":{"line":16,"column":30},"end":{"line":16,"column":61}}},"4":{"name":"(anonymous_8)","decl":{"start":{"line":32,"column":17},"end":{"line":32,"column":18}},"loc":{"start":{"line":32,"column":30},"end":{"line":32,"column":61}}}},"branchMap":{"0":{"loc":{"start":{"line":24,"column":14},"end":{"line":24,"column":51}},"type":"cond-expr","locations":[{"start":{"line":24,"column":23},"end":{"line":24,"column":39}},{"start":{"line":24,"column":42},"end":{"line":24,"column":51}}]},"1":{"loc":{"start":{"line":26,"column":17},"end":{"line":26,"column":60}},"type":"cond-expr","locations":[{"start":{"line":26,"column":29},"end":{"line":26,"column":48}},{"start":{"line":26,"column":51},"end":{"line":26,"column":60}}]},"2":{"loc":{"start":{"line":27,"column":15},"end":{"line":27,"column":54}},"type":"cond-expr","locations":[{"start":{"line":27,"column":25},"end":{"line":27,"column":42}},{"start":{"line":27,"column":45},"end":{"line":27,"column":54}}]},"3":{"loc":{"start":{"line":13,"column":39},"end":{"line":13,"column":57}},"type":"cond-expr","locations":[{"start":{"line":13,"column":54},"end":{"line":13,"column":57}},{"start":{"line":13,"column":54},"end":{"line":13,"column":57}}]},"4":{"loc":{"start":{"line":13,"column":39},"end":{"line":13,"column":54}},"type":"binary-expr","locations":[{"start":{"line":13,"column":39},"end":{"line":13,"column":57}},{"start":{"line":13,"column":39},"end":{"line":13,"column":54}}]}},"s":{"0":0,"1":0,"2":0,"3":0,"4":0,"5":0,"6":0,"7":0,"8":0,"9":0,"10":0,"11":0,"12":0,"13":0,"14":0,"15":0},"f":{"0":0,"1":0,"2":0,"3":0,"4":0},"b":{"0":[0,0],"1":[0,0],"2":[0,0],"3":[0,0],"4":[0,0]}}
,"C:\\Projects\\Ksusha\\strain_collection_v2\\backend\\src\\audit\\audit-log.interceptor.ts": {"path":"C:\\Projects\\Ksusha\\strain_collection_v2\\backend\\src\\audit\\audit-log.interceptor.ts","statementMap":{"0":{"start":{"line":1,"column":0},"end":{"line":1,"column":null}},"1":{"start":{"line":8,"column":0},"end":{"line":8,"column":37}},"2":{"start":{"line":9,"column":0},"end":{"line":9,"column":54}},"3":{"start":{"line":12,"column":7},"end":{"line":99,"column":null}},"4":{"start":{"line":13,"column":22},"end":{"line":13,"column":39}},"5":{"start":{"line":16,"column":20},"end":{"line":16,"column":55}},"6":{"start":{"line":17,"column":17},"end":{"line":17,"column":29}},"7":{"start":{"line":18,"column":19},"end":{"line":18,"column":33}},"8":{"start":{"line":19,"column":16},"end":{"line":19,"column":27}},"9":{"start":{"line":20,"column":20},"end":{"line":20,"column":71}},"10":{"start":{"line":22,"column":6},"end":{"line":23,"column":64}},"11":{"start":{"line":25,"column":4},"end":{"line":66,"column":6}},"12":{"start":{"line":28,"column":8},"end":{"line":64,"column":9}},"13":{"start":{"line":29,"column":10},"end":{"line":63,"column":11}},"14":{"start":{"line":30,"column":27},"end":{"line":30,"column":62}},"15":{"start":{"line":31,"column":27},"end":{"line":31,"column":50}},"16":{"start":{"line":33,"column":14},"end":{"line":36,"column":36}},"17":{"start":{"line":39,"column":14},"end":{"line":41,"column":27}},"18":{"start":{"line":43,"column":12},"end":{"line":59,"column":13}},"19":{"start":{"line":44,"column":14},"end":{"line":58,"column":17}},"20":{"start":{"line":62,"column":12},"end":{"line":62,"column":53}},"21":{"start":{"line":80,"column":4},"end":{"line":80,"column":62}},"22":{"start":{"line":80,"column":39},"end":{"line":80,"column":62}},"23":{"start":{"line":81,"column":4},"end":{"line":81,"column":56}},"24":{"start":{"line":81,"column":36},"end":{"line":81,"column":56}},"25":{"start":{"line":82,"column":4},"end":{"line":82,"column":52}},"26":{"start":{"line":82,"column":34},"end":{"line":82,"column":52}},"27":{"start":{"line":83,"column":4},"end":{"line":83,"column":50}},"28":{"start":{"line":83,"column":34},"end":{"line":83,"column":50}},"29":{"start":{"line":84,"column":4},"end":{"line":84,"column":43}},"30":{"start":{"line":84,"column":27},"end":{"line":84,"column":43}},"31":{"start":{"line":85,"column":4},"end":{"line":85,"column":45}},"32":{"start":{"line":85,"column":29},"end":{"line":85,"column":45}},"33":{"start":{"line":86,"column":4},"end":{"line":86,"column":20}},"34":{"start":{"line":91,"column":18},"end":{"line":91,"column":52}},"35":{"start":{"line":92,"column":4},"end":{"line":96,"column":5}},"36":{"start":{"line":93,"column":21},"end":{"line":93,"column":29}},"37":{"start":{"line":94,"column":23},"end":{"line":94,"column":74}},"38":{"start":{"line":95,"column":6},"end":{"line":95,"column":66}},"39":{"start":{"line":97,"column":4},"end":{"line":97,"column":16}},"40":{"start":{"line":12,"column":13},"end":{"line":12,"column":32}},"41":{"start":{"line":12,"column":13},"end":{"line":99,"column":null}}},"fnMap":{"0":{"name":"(anonymous_2)","decl":{"start":{"line":13,"column":2},"end":{"line":13,"column":22}},"loc":{"start":{"line":13,"column":54},"end":{"line":13,"column":58}}},"1":{"name":"(anonymous_3)","decl":{"start":{"line":15,"column":2},"end":{"line":15,"column":11}},"loc":{"start":{"line":15,"column":56},"end":{"line":67,"column":3}}},"2":{"name":"(anonymous_4)","decl":{"start":{"line":26,"column":10},"end":{"line":26,"column":15}},"loc":{"start":{"line":26,"column":25},"end":{"line":65,"column":7}}},"3":{"name":"(anonymous_5)","decl":{"start":{"line":69,"column":10},"end":{"line":69,"column":27}},"loc":{"start":{"line":71,"column":15},"end":{"line":87,"column":3}}},"4":{"name":"(anonymous_6)","decl":{"start":{"line":89,"column":10},"end":{"line":89,"column":23}},"loc":{"start":{"line":89,"column":35},"end":{"line":98,"column":3}}}},"branchMap":{"0":{"loc":{"start":{"line":22,"column":6},"end":{"line":23,"column":64}},"type":"binary-expr","locations":[{"start":{"line":22,"column":7},"end":{"line":22,"column":19}},{"start":{"line":22,"column":23},"end":{"line":22,"column":43}},{"start":{"line":23,"column":7},"end":{"line":23,"column":64}}]},"1":{"loc":{"start":{"line":28,"column":8},"end":{"line":64,"column":9}},"type":"if","locations":[{"start":{"line":28,"column":8},"end":{"line":64,"column":9}},{"start":{},"end":{}}]},"2":{"loc":{"start":{"line":28,"column":12},"end":{"line":28,"column":71}},"type":"binary-expr","locations":[{"start":{"line":28,"column":12},"end":{"line":28,"column":63}},{"start":{"line":28,"column":67},"end":{"line":28,"column":71}}]},"3":{"loc":{"start":{"line":33,"column":14},"end":{"line":36,"column":36}},"type":"binary-expr","locations":[{"start":{"line":33,"column":14},"end":{"line":33,"column":22}},{"start":{"line":34,"column":14},"end":{"line":34,"column":32}},{"start":{"line":35,"column":14},"end":{"line":35,"column":38}},{"start":{"line":36,"column":14},"end":{"line":36,"column":36}}]},"4":{"loc":{"start":{"line":39,"column":14},"end":{"line":41,"column":27}},"type":"cond-expr","locations":[{"start":{"line":40,"column":18},"end":{"line":40,"column":31}},{"start":{"line":41,"column":18},"end":{"line":41,"column":27}}]},"5":{"loc":{"start":{"line":39,"column":14},"end":{"line":39,"column":68}},"type":"binary-expr","locations":[{"start":{"line":39,"column":14},"end":{"line":39,"column":39}},{"start":{"line":39,"column":43},"end":{"line":39,"column":68}}]},"6":{"loc":{"start":{"line":43,"column":12},"end":{"line":59,"column":13}},"type":"if","locations":[{"start":{"line":43,"column":12},"end":{"line":59,"column":13}},{"start":{},"end":{}}]},"7":{"loc":{"start":{"line":43,"column":16},"end":{"line":43,"column":51}},"type":"binary-expr","locations":[{"start":{"line":43,"column":16},"end":{"line":43,"column":22}},{"start":{"line":43,"column":26},"end":{"line":43,"column":51}}]},"8":{"loc":{"start":{"line":45,"column":24},"end":{"line":45,"column":46}},"type":"binary-expr","locations":[{"start":{"line":45,"column":24},"end":{"line":45,"column":35}},{"start":{"line":45,"column":39},"end":{"line":45,"column":46}}]},"9":{"loc":{"start":{"line":51,"column":25},"end":{"line":51,"column":66}},"type":"cond-expr","locations":[{"start":{"line":51,"column":47},"end":{"line":51,"column":51}},{"start":{"line":51,"column":54},"end":{"line":51,"column":66}}]},"10":{"loc":{"start":{"line":80,"column":4},"end":{"line":80,"column":62}},"type":"if","locations":[{"start":{"line":80,"column":4},"end":{"line":80,"column":62}},{"start":{},"end":{}}]},"11":{"loc":{"start":{"line":81,"column":4},"end":{"line":81,"column":56}},"type":"if","locations":[{"start":{"line":81,"column":4},"end":{"line":81,"column":56}},{"start":{},"end":{}}]},"12":{"loc":{"start":{"line":82,"column":4},"end":{"line":82,"column":52}},"type":"if","locations":[{"start":{"line":82,"column":4},"end":{"line":82,"column":52}},{"start":{},"end":{}}]},"13":{"loc":{"start":{"line":83,"column":4},"end":{"line":83,"column":50}},"type":"if","locations":[{"start":{"line":83,"column":4},"end":{"line":83,"column":50}},{"start":{},"end":{}}]},"14":{"loc":{"start":{"line":84,"column":4},"end":{"line":84,"column":43}},"type":"if","locations":[{"start":{"line":84,"column":4},"end":{"line":84,"column":43}},{"start":{},"end":{}}]},"15":{"loc":{"start":{"line":85,"column":4},"end":{"line":85,"column":45}},"type":"if","locations":[{"start":{"line":85,"column":4},"end":{"line":85,"column":45}},{"start":{},"end":{}}]},"16":{"loc":{"start":{"line":92,"column":4},"end":{"line":96,"column":5}},"type":"if","locations":[{"start":{"line":92,"column":4},"end":{"line":96,"column":5}},{"start":{},"end":{}}]},"17":{"loc":{"start":{"line":94,"column":23},"end":{"line":94,"column":74}},"type":"cond-expr","locations":[{"start":{"line":94,"column":46},"end":{"line":94,"column":65}},{"start":{"line":94,"column":68},"end":{"line":94,"column":74}}]},"18":{"loc":{"start":{"line":13,"column":39},"end":{"line":13,"column":57}},"type":"cond-expr","locations":[{"start":{"line":13,"column":54},"end":{"line":13,"column":57}},{"start":{"line":13,"column":54},"end":{"line":13,"column":57}}]},"19":{"loc":{"start":{"line":13,"column":39},"end":{"line":13,"column":54}},"type":"binary-expr","locations":[{"start":{"line":13,"column":39},"end":{"line":13,"column":57}},{"start":{"line":13,"column":39},"end":{"line":13,"column":54}}]}},"s":{"0":0,"1":0,"2":0,"3":0,"4":0,"5":0,"6":0,"7":0,"8":0,"9":0,"10":0,"11":0,"12":0,"13":0,"14":0,"15":0,"16":0,"17":0,"18":0,"19":0,"20":0,"21":0,"22":0,"23":0,"24":0,"25":0,"26":0,"27":0,"28":0,"29":0,"30":0,"31":0,"32":0,"33":0,"34":0,"35":0,"36":0,"37":0,"38":0,"39":0,"40":0,"41":0},"f":{"0":0,"1":0,"2":0,"3":0,"4":0},"b":{"0":[0,0,0],"1":[0,0],"2":[0,0],"3":[0,0,0,0],"4":[0,0],"5":[0,0],"6":[0,0],"7":[0,0],"8":[0,0],"9":[0,0],"10":[0,0],"11":[0,0],"12":[0,0],"13":[0,0],"14":[0,0],"15":[0,0],"16":[0,0],"17":[0,0],"18":[0,0],"19":[0,0]}}
,"C:\\Projects\\Ksusha\\strain_collection_v2\\backend\\src\\audit\\audit-log.service.ts": {"path":"C:\\Projects\\Ksusha\\strain_collection_v2\\backend\\src\\audit\\audit-log.service.ts","statementMap":{"0":{"start":{"line":1,"column":0},"end":{"line":1,"column":44}},"1":{"start":{"line":2,"column":0},"end":{"line":2,"column":57}},"2":{"start":{"line":5,"column":7},"end":{"line":83,"column":null}},"3":{"start":{"line":6,"column":22},"end":{"line":6,"column":30}},"4":{"start":{"line":25,"column":4},"end":{"line":36,"column":7}},"5":{"start":{"line":45,"column":4},"end":{"line":61,"column":7}},"6":{"start":{"line":65,"column":4},"end":{"line":69,"column":7}},"7":{"start":{"line":73,"column":4},"end":{"line":81,"column":7}},"8":{"start":{"line":5,"column":13},"end":{"line":5,"column":28}},"9":{"start":{"line":5,"column":13},"end":{"line":83,"column":null}}},"fnMap":{"0":{"name":"(anonymous_2)","decl":{"start":{"line":6,"column":2},"end":{"line":6,"column":22}},"loc":{"start":{"line":6,"column":43},"end":{"line":6,"column":47}}},"1":{"name":"(anonymous_3)","decl":{"start":{"line":8,"column":2},"end":{"line":8,"column":7}},"loc":{"start":{"line":24,"column":3},"end":{"line":37,"column":3}}},"2":{"name":"(anonymous_4)","decl":{"start":{"line":39,"column":2},"end":{"line":39,"column":7}},"loc":{"start":{"line":44,"column":3},"end":{"line":62,"column":3}}},"3":{"name":"(anonymous_5)","decl":{"start":{"line":64,"column":2},"end":{"line":64,"column":7}},"loc":{"start":{"line":64,"column":46},"end":{"line":70,"column":3}}},"4":{"name":"(anonymous_6)","decl":{"start":{"line":72,"column":2},"end":{"line":72,"column":7}},"loc":{"start":{"line":72,"column":53},"end":{"line":82,"column":3}}}},"branchMap":{"0":{"loc":{"start":{"line":33,"column":17},"end":{"line":33,"column":37}},"type":"binary-expr","locations":[{"start":{"line":33,"column":17},"end":{"line":33,"column":31}},{"start":{"line":33,"column":35},"end":{"line":33,"column":37}}]},"1":{"loc":{"start":{"line":34,"column":18},"end":{"line":34,"column":39}},"type":"binary-expr","locations":[{"start":{"line":34,"column":18},"end":{"line":34,"column":33}},{"start":{"line":34,"column":37},"end":{"line":34,"column":39}}]},"2":{"loc":{"start":{"line":64,"column":35},"end":{"line":64,"column":46}},"type":"default-arg","locations":[{"start":{"line":64,"column":43},"end":{"line":64,"column":46}}]},"3":{"loc":{"start":{"line":6,"column":30},"end":{"line":6,"column":46}},"type":"cond-expr","locations":[{"start":{"line":6,"column":43},"end":{"line":6,"column":46}},{"start":{"line":6,"column":43},"end":{"line":6,"column":46}}]},"4":{"loc":{"start":{"line":6,"column":30},"end":{"line":6,"column":43}},"type":"binary-expr","locations":[{"start":{"line":6,"column":30},"end":{"line":6,"column":46}},{"start":{"line":6,"column":30},"end":{"line":6,"column":43}}]}},"s":{"0":0,"1":0,"2":0,"3":0,"4":0,"5":0,"6":0,"7":0,"8":0,"9":0},"f":{"0":0,"1":0,"2":0,"3":0,"4":0},"b":{"0":[0,0],"1":[0,0],"2":[0],"3":[0,0],"4":[0,0]}}
,"C:\\Projects\\Ksusha\\strain_collection_v2\\backend\\src\\audit\\audit.module.ts": {"path":"C:\\Projects\\Ksusha\\strain_collection_v2\\backend\\src\\audit\\audit.module.ts","statementMap":{"0":{"start":{"line":1,"column":0},"end":{"line":1,"column":40}},"1":{"start":{"line":2,"column":0},"end":{"line":2,"column":54}},"2":{"start":{"line":3,"column":0},"end":{"line":3,"column":60}},"3":{"start":{"line":4,"column":0},"end":{"line":4,"column":55}},"4":{"start":{"line":5,"column":0},"end":{"line":5,"column":49}},"5":{"start":{"line":13,"column":7},"end":{"line":13,"column":null}},"6":{"start":{"line":13,"column":13},"end":{"line":13,"column":24}},"7":{"start":{"line":13,"column":13},"end":{"line":13,"column":null}}},"fnMap":{},"branchMap":{},"s":{"0":0,"1":0,"2":0,"3":0,"4":0,"5":0,"6":0,"7":0},"f":{},"b":{}}
,"C:\\Projects\\Ksusha\\strain_collection_v2\\backend\\src\\auth\\auth.controller.ts": {"path":"C:\\Projects\\Ksusha\\strain_collection_v2\\backend\\src\\auth\\auth.controller.ts","statementMap":{"0":{"start":{"line":1,"column":0},"end":{"line":1,"column":null}},"1":{"start":{"line":9,"column":0},"end":{"line":9,"column":66}},"2":{"start":{"line":10,"column":0},"end":{"line":10,"column":52}},"3":{"start":{"line":11,"column":0},"end":{"line":11,"column":45}},"4":{"start":{"line":12,"column":0},"end":{"line":12,"column":48}},"5":{"start":{"line":13,"column":0},"end":{"line":13,"column":54}},"6":{"start":{"line":17,"column":7},"end":{"line":63,"column":null}},"7":{"start":{"line":19,"column":12},"end":{"line":19,"column":25}},"8":{"start":{"line":20,"column":12},"end":{"line":20,"column":26}},"9":{"start":{"line":36,"column":4},"end":{"line":36,"column":44}},"10":{"start":{"line":54,"column":4},"end":{"line":54,"column":51}},"11":{"start":{"line":61,"column":4},"end":{"line":61,"column":20}},"12":{"start":{"line":17,"column":13},"end":{"line":17,"column":27}},"13":{"start":{"line":35,"column":8},"end":{"line":37,"column":null}},"14":{"start":{"line":51,"column":8},"end":{"line":55,"column":null}},"15":{"start":{"line":60,"column":2},"end":{"line":62,"column":null}},"16":{"start":{"line":17,"column":13},"end":{"line":63,"column":null}}},"fnMap":{"0":{"name":"(anonymous_4)","decl":{"start":{"line":18,"column":2},"end":{"line":18,"column":null}},"loc":{"start":{"line":20,"column":38},"end":{"line":21,"column":6}}},"1":{"name":"(anonymous_5)","decl":{"start":{"line":35,"column":8},"end":{"line":35,"column":13}},"loc":{"start":{"line":35,"column":33},"end":{"line":37,"column":3}}},"2":{"name":"(anonymous_6)","decl":{"start":{"line":51,"column":8},"end":{"line":51,"column":16}},"loc":{"start":{"line":51,"column":43},"end":{"line":55,"column":3}}},"3":{"name":"(anonymous_7)","decl":{"start":{"line":60,"column":2},"end":{"line":60,"column":12}},"loc":{"start":{"line":60,"column":32},"end":{"line":62,"column":3}}}},"branchMap":{"0":{"loc":{"start":{"line":19,"column":25},"end":{"line":19,"column":null}},"type":"cond-expr","locations":[{"start":{"line":19,"column":36},"end":{"line":19,"column":null}},{"start":{"line":19,"column":36},"end":{"line":19,"column":null}}]},"1":{"loc":{"start":{"line":19,"column":25},"end":{"line":19,"column":36}},"type":"binary-expr","locations":[{"start":{"line":19,"column":25},"end":{"line":19,"column":null}},{"start":{"line":19,"column":25},"end":{"line":19,"column":36}}]},"2":{"loc":{"start":{"line":19,"column":36},"end":{"line":20,"column":null}},"type":"cond-expr","locations":[{"start":{"line":20,"column":38},"end":{"line":20,"column":null}},{"start":{"line":20,"column":38},"end":{"line":20,"column":null}}]},"3":{"loc":{"start":{"line":19,"column":36},"end":{"line":20,"column":38}},"type":"binary-expr","locations":[{"start":{"line":19,"column":36},"end":{"line":20,"column":null}},{"start":{"line":20,"column":26},"end":{"line":20,"column":38}}]}},"s":{"0":1,"1":1,"2":1,"3":1,"4":1,"5":1,"6":1,"7":1,"8":1,"9":0,"10":0,"11":0,"12":1,"13":1,"14":1,"15":1,"16":1},"f":{"0":1,"1":0,"2":0,"3":0},"b":{"0":[1,0],"1":[1,1],"2":[1,0],"3":[1,1]}}
,"C:\\Projects\\Ksusha\\strain_collection_v2\\backend\\src\\auth\\auth.module.ts": {"path":"C:\\Projects\\Ksusha\\strain_collection_v2\\backend\\src\\auth\\auth.module.ts","statementMap":{"0":{"start":{"line":1,"column":0},"end":{"line":1,"column":40}},"1":{"start":{"line":2,"column":0},"end":{"line":2,"column":45}},"2":{"start":{"line":3,"column":0},"end":{"line":3,"column":52}},"3":{"start":{"line":4,"column":0},"end":{"line":4,"column":50}},"4":{"start":{"line":5,"column":0},"end":{"line":5,"column":40}},"5":{"start":{"line":6,"column":0},"end":{"line":6,"column":61}},"6":{"start":{"line":7,"column":0},"end":{"line":7,"column":51}},"7":{"start":{"line":8,"column":0},"end":{"line":8,"column":49}},"8":{"start":{"line":9,"column":0},"end":{"line":9,"column":45}},"9":{"start":{"line":31,"column":7},"end":{"line":31,"column":null}},"10":{"start":{"line":31,"column":13},"end":{"line":31,"column":23}},"11":{"start":{"line":31,"column":13},"end":{"line":31,"column":null}},"12":{"start":{"line":18,"column":59},"end":{"line":23,"column":8}}},"fnMap":{"0":{"name":"(anonymous_1)","decl":{"start":{"line":18,"column":18},"end":{"line":18,"column":23}},"loc":{"start":{"line":18,"column":59},"end":{"line":23,"column":8}}}},"branchMap":{"0":{"loc":{"start":{"line":20,"column":10},"end":{"line":21,"column":45}},"type":"binary-expr","locations":[{"start":{"line":20,"column":10},"end":{"line":20,"column":49}},{"start":{"line":21,"column":10},"end":{"line":21,"column":45}}]}},"s":{"0":0,"1":0,"2":0,"3":0,"4":0,"5":0,"6":0,"7":0,"8":0,"9":0,"10":0,"11":0,"12":0},"f":{"0":0},"b":{"0":[0,0]}}
,"C:\\Projects\\Ksusha\\strain_collection_v2\\backend\\src\\auth\\auth.service.ts": {"path":"C:\\Projects\\Ksusha\\strain_collection_v2\\backend\\src\\auth\\auth.service.ts","statementMap":{"0":{"start":{"line":1,"column":0},"end":{"line":1,"column":67}},"1":{"start":{"line":2,"column":0},"end":{"line":2,"column":54}},"2":{"start":{"line":3,"column":0},"end":{"line":3,"column":41}},"3":{"start":{"line":4,"column":0},"end":{"line":4,"column":33}},"4":{"start":{"line":7,"column":7},"end":{"line":38,"column":null}},"5":{"start":{"line":9,"column":12},"end":{"line":9,"column":26}},"6":{"start":{"line":10,"column":12},"end":{"line":10,"column":24}},"7":{"start":{"line":14,"column":4},"end":{"line":14,"column":43}},"8":{"start":{"line":15,"column":17},"end":{"line":15,"column":55}},"9":{"start":{"line":16,"column":4},"end":{"line":16,"column":39}},"10":{"start":{"line":17,"column":4},"end":{"line":21,"column":5}},"11":{"start":{"line":18,"column":6},"end":{"line":18,"column":36}},"12":{"start":{"line":19,"column":38},"end":{"line":19,"column":42}},"13":{"start":{"line":20,"column":6},"end":{"line":20,"column":20}},"14":{"start":{"line":22,"column":4},"end":{"line":22,"column":39}},"15":{"start":{"line":23,"column":4},"end":{"line":23,"column":16}},"16":{"start":{"line":27,"column":20},"end":{"line":27,"column":72}},"17":{"start":{"line":28,"column":4},"end":{"line":36,"column":6}},"18":{"start":{"line":7,"column":13},"end":{"line":7,"column":24}},"19":{"start":{"line":7,"column":13},"end":{"line":38,"column":null}}},"fnMap":{"0":{"name":"(anonymous_11)","decl":{"start":{"line":8,"column":2},"end":{"line":8,"column":null}},"loc":{"start":{"line":10,"column":34},"end":{"line":11,"column":6}}},"1":{"name":"(anonymous_12)","decl":{"start":{"line":13,"column":2},"end":{"line":13,"column":7}},"loc":{"start":{"line":13,"column":48},"end":{"line":24,"column":3}}},"2":{"name":"(anonymous_13)","decl":{"start":{"line":26,"column":2},"end":{"line":26,"column":7}},"loc":{"start":{"line":26,"column":23},"end":{"line":37,"column":3}}}},"branchMap":{"0":{"loc":{"start":{"line":17,"column":4},"end":{"line":21,"column":5}},"type":"if","locations":[{"start":{"line":17,"column":4},"end":{"line":21,"column":5}},{"start":{},"end":{}}]},"1":{"loc":{"start":{"line":17,"column":8},"end":{"line":17,"column":59}},"type":"binary-expr","locations":[{"start":{"line":17,"column":8},"end":{"line":17,"column":12}},{"start":{"line":17,"column":17},"end":{"line":17,"column":58}}]},"2":{"loc":{"start":{"line":9,"column":26},"end":{"line":9,"column":null}},"type":"cond-expr","locations":[{"start":{"line":9,"column":38},"end":{"line":9,"column":null}},{"start":{"line":9,"column":38},"end":{"line":9,"column":null}}]},"3":{"loc":{"start":{"line":9,"column":26},"end":{"line":9,"column":38}},"type":"binary-expr","locations":[{"start":{"line":9,"column":26},"end":{"line":9,"column":null}},{"start":{"line":9,"column":26},"end":{"line":9,"column":38}}]},"4":{"loc":{"start":{"line":9,"column":38},"end":{"line":10,"column":null}},"type":"cond-expr","locations":[{"start":{"line":10,"column":34},"end":{"line":10,"column":null}},{"start":{"line":10,"column":34},"end":{"line":10,"column":null}}]},"5":{"loc":{"start":{"line":9,"column":38},"end":{"line":10,"column":34}},"type":"binary-expr","locations":[{"start":{"line":9,"column":38},"end":{"line":10,"column":null}},{"start":{"line":10,"column":24},"end":{"line":10,"column":34}}]}},"s":{"0":2,"1":2,"2":2,"3":2,"4":2,"5":1,"6":1,"7":0,"8":0,"9":0,"10":0,"11":0,"12":0,"13":0,"14":0,"15":0,"16":0,"17":0,"18":2,"19":2},"f":{"0":1,"1":0,"2":0},"b":{"0":[0,0],"1":[0,0],"2":[2,0],"3":[2,2],"4":[2,0],"5":[2,2]}}
,"C:\\Projects\\Ksusha\\strain_collection_v2\\backend\\src\\auth\\jwt-auth.guard.ts": {"path":"C:\\Projects\\Ksusha\\strain_collection_v2\\backend\\src\\auth\\jwt-auth.guard.ts","statementMap":{"0":{"start":{"line":1,"column":0},"end":{"line":1,"column":44}},"1":{"start":{"line":2,"column":0},"end":{"line":2,"column":45}},"2":{"start":{"line":5,"column":7},"end":{"line":5,"column":null}},"3":{"start":{"line":5,"column":13},"end":{"line":5,"column":25}},"4":{"start":{"line":5,"column":13},"end":{"line":5,"column":null}}},"fnMap":{},"branchMap":{},"s":{"0":1,"1":1,"2":1,"3":1,"4":1},"f":{},"b":{}}
,"C:\\Projects\\Ksusha\\strain_collection_v2\\backend\\src\\auth\\jwt.strategy.ts": {"path":"C:\\Projects\\Ksusha\\strain_collection_v2\\backend\\src\\auth\\jwt.strategy.ts","statementMap":{"0":{"start":{"line":1,"column":0},"end":{"line":1,"column":52}},"1":{"start":{"line":2,"column":0},"end":{"line":2,"column":52}},"2":{"start":{"line":3,"column":0},"end":{"line":3,"column":44}},"3":{"start":{"line":4,"column":0},"end":{"line":4,"column":47}},"4":{"start":{"line":7,"column":7},"end":{"line":21,"column":null}},"5":{"start":{"line":9,"column":4},"end":{"line":15,"column":7}},"6":{"start":{"line":19,"column":4},"end":{"line":19,"column":77}},"7":{"start":{"line":7,"column":13},"end":{"line":7,"column":24}},"8":{"start":{"line":7,"column":13},"end":{"line":21,"column":null}}},"fnMap":{"0":{"name":"(anonymous_2)","decl":{"start":{"line":8,"column":2},"end":{"line":8,"column":14}},"loc":{"start":{"line":8,"column":42},"end":{"line":16,"column":3}}},"1":{"name":"(anonymous_3)","decl":{"start":{"line":18,"column":2},"end":{"line":18,"column":7}},"loc":{"start":{"line":18,"column":29},"end":{"line":20,"column":3}}}},"branchMap":{"0":{"loc":{"start":{"line":13,"column":8},"end":{"line":14,"column":43}},"type":"binary-expr","locations":[{"start":{"line":13,"column":8},"end":{"line":13,"column":47}},{"start":{"line":14,"column":8},"end":{"line":14,"column":43}}]},"1":{"loc":{"start":{"line":8,"column":29},"end":{"line":8,"column":null}},"type":"cond-expr","locations":[{"start":{"line":8,"column":42},"end":{"line":8,"column":null}},{"start":{"line":8,"column":42},"end":{"line":8,"column":null}}]},"2":{"loc":{"start":{"line":8,"column":29},"end":{"line":8,"column":42}},"type":"binary-expr","locations":[{"start":{"line":8,"column":29},"end":{"line":8,"column":null}},{"start":{"line":8,"column":29},"end":{"line":8,"column":42}}]}},"s":{"0":0,"1":0,"2":0,"3":0,"4":0,"5":0,"6":0,"7":0,"8":0},"f":{"0":0,"1":0},"b":{"0":[0,0],"1":[0,0],"2":[0,0]}}
,"C:\\Projects\\Ksusha\\strain_collection_v2\\backend\\src\\auth\\local-auth.guard.ts": {"path":"C:\\Projects\\Ksusha\\strain_collection_v2\\backend\\src\\auth\\local-auth.guard.ts","statementMap":{"0":{"start":{"line":1,"column":0},"end":{"line":1,"column":44}},"1":{"start":{"line":2,"column":0},"end":{"line":2,"column":45}},"2":{"start":{"line":5,"column":7},"end":{"line":5,"column":null}},"3":{"start":{"line":5,"column":13},"end":{"line":5,"column":27}},"4":{"start":{"line":5,"column":13},"end":{"line":5,"column":null}}},"fnMap":{},"branchMap":{},"s":{"0":1,"1":1,"2":1,"3":1,"4":1},"f":{},"b":{}}
,"C:\\Projects\\Ksusha\\strain_collection_v2\\backend\\src\\auth\\local.strategy.ts": {"path":"C:\\Projects\\Ksusha\\strain_collection_v2\\backend\\src\\auth\\local.strategy.ts","statementMap":{"0":{"start":{"line":1,"column":0},"end":{"line":1,"column":42}},"1":{"start":{"line":2,"column":0},"end":{"line":2,"column":52}},"2":{"start":{"line":3,"column":0},"end":{"line":3,"column":67}},"3":{"start":{"line":4,"column":0},"end":{"line":4,"column":45}},"4":{"start":{"line":7,"column":7},"end":{"line":19,"column":null}},"5":{"start":{"line":9,"column":4},"end":{"line":9,"column":38}},"6":{"start":{"line":8,"column":22},"end":{"line":8,"column":35}},"7":{"start":{"line":13,"column":17},"end":{"line":13,"column":65}},"8":{"start":{"line":14,"column":4},"end":{"line":16,"column":5}},"9":{"start":{"line":15,"column":6},"end":{"line":15,"column":40}},"10":{"start":{"line":17,"column":4},"end":{"line":17,"column":16}},"11":{"start":{"line":7,"column":13},"end":{"line":7,"column":26}},"12":{"start":{"line":7,"column":13},"end":{"line":19,"column":null}}},"fnMap":{"0":{"name":"(anonymous_2)","decl":{"start":{"line":8,"column":2},"end":{"line":8,"column":22}},"loc":{"start":{"line":8,"column":46},"end":{"line":10,"column":3}}},"1":{"name":"(anonymous_3)","decl":{"start":{"line":12,"column":2},"end":{"line":12,"column":7}},"loc":{"start":{"line":12,"column":44},"end":{"line":18,"column":3}}}},"branchMap":{"0":{"loc":{"start":{"line":14,"column":4},"end":{"line":16,"column":5}},"type":"if","locations":[{"start":{"line":14,"column":4},"end":{"line":16,"column":5}},{"start":{},"end":{}}]},"1":{"loc":{"start":{"line":8,"column":35},"end":{"line":8,"column":null}},"type":"cond-expr","locations":[{"start":{"line":8,"column":46},"end":{"line":8,"column":null}},{"start":{"line":8,"column":46},"end":{"line":8,"column":null}}]},"2":{"loc":{"start":{"line":8,"column":35},"end":{"line":8,"column":46}},"type":"binary-expr","locations":[{"start":{"line":8,"column":35},"end":{"line":8,"column":null}},{"start":{"line":8,"column":35},"end":{"line":8,"column":46}}]}},"s":{"0":0,"1":0,"2":0,"3":0,"4":0,"5":0,"6":0,"7":0,"8":0,"9":0,"10":0,"11":0,"12":0},"f":{"0":0,"1":0},"b":{"0":[0,0],"1":[0,0],"2":[0,0]}}
,"C:\\Projects\\Ksusha\\strain_collection_v2\\backend\\src\\casl\\casl-ability.factory.ts": {"path":"C:\\Projects\\Ksusha\\strain_collection_v2\\backend\\src\\casl\\casl-ability.factory.ts","statementMap":{"0":{"start":{"line":1,"column":0},"end":{"line":1,"column":70}},"1":{"start":{"line":2,"column":0},"end":{"line":2,"column":44}},"2":{"start":{"line":24,"column":7},"end":{"line":69,"column":null}},"3":{"start":{"line":26,"column":35},"end":{"line":27,"column":null}},"4":{"start":{"line":30,"column":4},"end":{"line":65,"column":5}},"5":{"start":{"line":32,"column":6},"end":{"line":32,"column":27}},"6":{"start":{"line":33,"column":11},"end":{"line":65,"column":5}},"7":{"start":{"line":35,"column":6},"end":{"line":35,"column":25}},"8":{"start":{"line":36,"column":6},"end":{"line":39,"column":8}},"9":{"start":{"line":41,"column":6},"end":{"line":41,"column":31}},"10":{"start":{"line":42,"column":6},"end":{"line":42,"column":32}},"11":{"start":{"line":43,"column":6},"end":{"line":43,"column":33}},"12":{"start":{"line":44,"column":11},"end":{"line":65,"column":5}},"13":{"start":{"line":46,"column":6},"end":{"line":55,"column":9}},"14":{"start":{"line":56,"column":6},"end":{"line":56,"column":51}},"15":{"start":{"line":57,"column":6},"end":{"line":57,"column":51}},"16":{"start":{"line":60,"column":6},"end":{"line":60,"column":30}},"17":{"start":{"line":61,"column":6},"end":{"line":61,"column":46}},"18":{"start":{"line":62,"column":6},"end":{"line":62,"column":31}},"19":{"start":{"line":63,"column":6},"end":{"line":63,"column":32}},"20":{"start":{"line":64,"column":6},"end":{"line":64,"column":33}},"21":{"start":{"line":67,"column":4},"end":{"line":67,"column":19}},"22":{"start":{"line":24,"column":13},"end":{"line":24,"column":31}},"23":{"start":{"line":24,"column":13},"end":{"line":69,"column":null}}},"fnMap":{"0":{"name":"(anonymous_1)","decl":{"start":{"line":25,"column":2},"end":{"line":25,"column":15}},"loc":{"start":{"line":25,"column":26},"end":{"line":68,"column":3}}}},"branchMap":{"0":{"loc":{"start":{"line":30,"column":4},"end":{"line":65,"column":5}},"type":"if","locations":[{"start":{"line":30,"column":4},"end":{"line":65,"column":5}},{"start":{"line":33,"column":11},"end":{"line":65,"column":5}}]},"1":{"loc":{"start":{"line":33,"column":11},"end":{"line":65,"column":5}},"type":"if","locations":[{"start":{"line":33,"column":11},"end":{"line":65,"column":5}},{"start":{"line":44,"column":11},"end":{"line":65,"column":5}}]},"2":{"loc":{"start":{"line":44,"column":11},"end":{"line":65,"column":5}},"type":"if","locations":[{"start":{"line":44,"column":11},"end":{"line":65,"column":5}},{"start":{},"end":{}}]}},"s":{"0":0,"1":0,"2":0,"3":0,"4":0,"5":0,"6":0,"7":0,"8":0,"9":0,"10":0,"11":0,"12":0,"13":0,"14":0,"15":0,"16":0,"17":0,"18":0,"19":0,"20":0,"21":0,"22":0,"23":0},"f":{"0":0},"b":{"0":[0,0],"1":[0,0],"2":[0,0]}}
,"C:\\Projects\\Ksusha\\strain_collection_v2\\backend\\src\\casl\\casl.module.ts": {"path":"C:\\Projects\\Ksusha\\strain_collection_v2\\backend\\src\\casl\\casl.module.ts","statementMap":{"0":{"start":{"line":1,"column":0},"end":{"line":1,"column":40}},"1":{"start":{"line":2,"column":0},"end":{"line":2,"column":60}},"2":{"start":{"line":3,"column":0},"end":{"line":3,"column":49}},"3":{"start":{"line":9,"column":7},"end":{"line":9,"column":null}},"4":{"start":{"line":9,"column":13},"end":{"line":9,"column":23}},"5":{"start":{"line":9,"column":13},"end":{"line":9,"column":null}}},"fnMap":{},"branchMap":{},"s":{"0":0,"1":0,"2":0,"3":0,"4":0,"5":0},"f":{},"b":{}}
,"C:\\Projects\\Ksusha\\strain_collection_v2\\backend\\src\\casl\\check-policies.decorator.ts": {"path":"C:\\Projects\\Ksusha\\strain_collection_v2\\backend\\src\\casl\\check-policies.decorator.ts","statementMap":{"0":{"start":{"line":1,"column":0},"end":{"line":1,"column":45}},"1":{"start":{"line":12,"column":13},"end":{"line":12,"column":49}},"2":{"start":{"line":13,"column":29},"end":{"line":14,"column":43}},"3":{"start":{"line":14,"column":2},"end":{"line":14,"column":43}},"4":{"start":{"line":13,"column":13},"end":{"line":13,"column":29}}},"fnMap":{"0":{"name":"(anonymous_0)","decl":{"start":{"line":13,"column":29},"end":{"line":13,"column":30}},"loc":{"start":{"line":14,"column":2},"end":{"line":14,"column":43}}}},"branchMap":{},"s":{"0":0,"1":0,"2":0,"3":0,"4":0},"f":{"0":0},"b":{}}
,"C:\\Projects\\Ksusha\\strain_collection_v2\\backend\\src\\casl\\policies.guard.ts": {"path":"C:\\Projects\\Ksusha\\strain_collection_v2\\backend\\src\\casl\\policies.guard.ts","statementMap":{"0":{"start":{"line":1,"column":0},"end":{"line":1,"column":75}},"1":{"start":{"line":2,"column":0},"end":{"line":2,"column":41}},"2":{"start":{"line":3,"column":0},"end":{"line":3,"column":72}},"3":{"start":{"line":4,"column":0},"end":{"line":4,"column":79}},"4":{"start":{"line":7,"column":7},"end":{"line":45,"column":null}},"5":{"start":{"line":9,"column":12},"end":{"line":9,"column":23}},"6":{"start":{"line":10,"column":12},"end":{"line":10,"column":32}},"7":{"start":{"line":15,"column":6},"end":{"line":18,"column":13}},"8":{"start":{"line":21,"column":4},"end":{"line":23,"column":5}},"9":{"start":{"line":22,"column":6},"end":{"line":22,"column":18}},"10":{"start":{"line":25,"column":20},"end":{"line":25,"column":55}},"11":{"start":{"line":26,"column":17},"end":{"line":26,"column":29}},"12":{"start":{"line":28,"column":4},"end":{"line":30,"column":5}},"13":{"start":{"line":29,"column":6},"end":{"line":29,"column":19}},"14":{"start":{"line":32,"column":20},"end":{"line":32,"column":63}},"15":{"start":{"line":34,"column":4},"end":{"line":36,"column":6}},"16":{"start":{"line":35,"column":6},"end":{"line":35,"column":46}},"17":{"start":{"line":40,"column":4},"end":{"line":42,"column":5}},"18":{"start":{"line":41,"column":6},"end":{"line":41,"column":30}},"19":{"start":{"line":43,"column":4},"end":{"line":43,"column":35}},"20":{"start":{"line":7,"column":13},"end":{"line":7,"column":26}},"21":{"start":{"line":7,"column":13},"end":{"line":45,"column":null}}},"fnMap":{"0":{"name":"(anonymous_2)","decl":{"start":{"line":8,"column":2},"end":{"line":8,"column":null}},"loc":{"start":{"line":10,"column":50},"end":{"line":11,"column":6}}},"1":{"name":"(anonymous_3)","decl":{"start":{"line":13,"column":2},"end":{"line":13,"column":7}},"loc":{"start":{"line":13,"column":45},"end":{"line":37,"column":3}}},"2":{"name":"(anonymous_4)","decl":{"start":{"line":34,"column":32},"end":{"line":34,"column":33}},"loc":{"start":{"line":35,"column":6},"end":{"line":35,"column":46}}},"3":{"name":"(anonymous_5)","decl":{"start":{"line":39,"column":10},"end":{"line":39,"column":27}},"loc":{"start":{"line":39,"column":71},"end":{"line":44,"column":3}}}},"branchMap":{"0":{"loc":{"start":{"line":15,"column":6},"end":{"line":18,"column":13}},"type":"binary-expr","locations":[{"start":{"line":15,"column":6},"end":{"line":17,"column":null}},{"start":{"line":18,"column":11},"end":{"line":18,"column":13}}]},"1":{"loc":{"start":{"line":21,"column":4},"end":{"line":23,"column":5}},"type":"if","locations":[{"start":{"line":21,"column":4},"end":{"line":23,"column":5}},{"start":{},"end":{}}]},"2":{"loc":{"start":{"line":28,"column":4},"end":{"line":30,"column":5}},"type":"if","locations":[{"start":{"line":28,"column":4},"end":{"line":30,"column":5}},{"start":{},"end":{}}]},"3":{"loc":{"start":{"line":40,"column":4},"end":{"line":42,"column":5}},"type":"if","locations":[{"start":{"line":40,"column":4},"end":{"line":42,"column":5}},{"start":{},"end":{}}]},"4":{"loc":{"start":{"line":9,"column":23},"end":{"line":9,"column":null}},"type":"cond-expr","locations":[{"start":{"line":9,"column":32},"end":{"line":9,"column":null}},{"start":{"line":9,"column":32},"end":{"line":9,"column":null}}]},"5":{"loc":{"start":{"line":9,"column":23},"end":{"line":9,"column":32}},"type":"binary-expr","locations":[{"start":{"line":9,"column":23},"end":{"line":9,"column":null}},{"start":{"line":9,"column":23},"end":{"line":9,"column":32}}]},"6":{"loc":{"start":{"line":9,"column":32},"end":{"line":10,"column":null}},"type":"cond-expr","locations":[{"start":{"line":10,"column":50},"end":{"line":10,"column":null}},{"start":{"line":10,"column":50},"end":{"line":10,"column":null}}]},"7":{"loc":{"start":{"line":9,"column":32},"end":{"line":10,"column":50}},"type":"binary-expr","locations":[{"start":{"line":9,"column":32},"end":{"line":10,"column":null}},{"start":{"line":10,"column":32},"end":{"line":10,"column":50}}]}},"s":{"0":0,"1":0,"2":0,"3":0,"4":0,"5":0,"6":0,"7":0,"8":0,"9":0,"10":0,"11":0,"12":0,"13":0,"14":0,"15":0,"16":0,"17":0,"18":0,"19":0,"20":0,"21":0},"f":{"0":0,"1":0,"2":0,"3":0},"b":{"0":[0,0],"1":[0,0],"2":[0,0],"3":[0,0],"4":[0,0],"5":[0,0],"6":[0,0],"7":[0,0]}}
,"C:\\Projects\\Ksusha\\strain_collection_v2\\backend\\src\\media\\media.controller.ts": {"path":"C:\\Projects\\Ksusha\\strain_collection_v2\\backend\\src\\media\\media.controller.ts","statementMap":{"0":{"start":{"line":1,"column":0},"end":{"line":1,"column":null}},"1":{"start":{"line":13,"column":0},"end":{"line":13,"column":57}},"2":{"start":{"line":14,"column":0},"end":{"line":14,"column":47}},"3":{"start":{"line":15,"column":0},"end":{"line":15,"column":56}},"4":{"start":{"line":16,"column":0},"end":{"line":16,"column":56}},"5":{"start":{"line":17,"column":0},"end":{"line":17,"column":54}},"6":{"start":{"line":18,"column":0},"end":{"line":18,"column":54}},"7":{"start":{"line":19,"column":0},"end":{"line":19,"column":55}},"8":{"start":{"line":20,"column":0},"end":{"line":20,"column":65}},"9":{"start":{"line":26,"column":7},"end":{"line":58,"column":null}},"10":{"start":{"line":27,"column":31},"end":{"line":27,"column":45}},"11":{"start":{"line":32,"column":4},"end":{"line":32,"column":44}},"12":{"start":{"line":38,"column":4},"end":{"line":38,"column":41}},"13":{"start":{"line":44,"column":4},"end":{"line":44,"column":41}},"14":{"start":{"line":50,"column":4},"end":{"line":50,"column":45}},"15":{"start":{"line":56,"column":4},"end":{"line":56,"column":40}},"16":{"start":{"line":26,"column":13},"end":{"line":26,"column":28}},"17":{"start":{"line":31,"column":2},"end":{"line":33,"column":null}},"18":{"start":{"line":30,"column":30},"end":{"line":30,"column":58}},"19":{"start":{"line":37,"column":2},"end":{"line":39,"column":null}},"20":{"start":{"line":36,"column":30},"end":{"line":36,"column":58}},"21":{"start":{"line":43,"column":2},"end":{"line":45,"column":null}},"22":{"start":{"line":42,"column":30},"end":{"line":42,"column":60}},"23":{"start":{"line":49,"column":2},"end":{"line":51,"column":null}},"24":{"start":{"line":48,"column":30},"end":{"line":48,"column":60}},"25":{"start":{"line":55,"column":2},"end":{"line":57,"column":null}},"26":{"start":{"line":54,"column":30},"end":{"line":54,"column":60}},"27":{"start":{"line":26,"column":13},"end":{"line":58,"column":null}}},"fnMap":{"0":{"name":"(anonymous_4)","decl":{"start":{"line":27,"column":2},"end":{"line":27,"column":31}},"loc":{"start":{"line":27,"column":57},"end":{"line":27,"column":61}}},"1":{"name":"(anonymous_5)","decl":{"start":{"line":31,"column":2},"end":{"line":31,"column":9}},"loc":{"start":{"line":31,"column":39},"end":{"line":33,"column":3}}},"2":{"name":"(anonymous_6)","decl":{"start":{"line":37,"column":2},"end":{"line":37,"column":9}},"loc":{"start":{"line":37,"column":47},"end":{"line":39,"column":3}}},"3":{"name":"(anonymous_7)","decl":{"start":{"line":43,"column":2},"end":{"line":43,"column":8}},"loc":{"start":{"line":43,"column":36},"end":{"line":45,"column":3}}},"4":{"name":"(anonymous_8)","decl":{"start":{"line":49,"column":2},"end":{"line":49,"column":8}},"loc":{"start":{"line":49,"column":75},"end":{"line":51,"column":3}}},"5":{"name":"(anonymous_9)","decl":{"start":{"line":55,"column":2},"end":{"line":55,"column":8}},"loc":{"start":{"line":55,"column":46},"end":{"line":57,"column":3}}},"6":{"name":"(anonymous_10)","decl":{"start":{"line":30,"column":17},"end":{"line":30,"column":18}},"loc":{"start":{"line":30,"column":30},"end":{"line":30,"column":58}}},"7":{"name":"(anonymous_11)","decl":{"start":{"line":36,"column":17},"end":{"line":36,"column":18}},"loc":{"start":{"line":36,"column":30},"end":{"line":36,"column":58}}},"8":{"name":"(anonymous_12)","decl":{"start":{"line":42,"column":17},"end":{"line":42,"column":18}},"loc":{"start":{"line":42,"column":30},"end":{"line":42,"column":60}}},"9":{"name":"(anonymous_13)","decl":{"start":{"line":48,"column":17},"end":{"line":48,"column":18}},"loc":{"start":{"line":48,"column":30},"end":{"line":48,"column":60}}},"10":{"name":"(anonymous_14)","decl":{"start":{"line":54,"column":17},"end":{"line":54,"column":18}},"loc":{"start":{"line":54,"column":30},"end":{"line":54,"column":60}}}},"branchMap":{"0":{"loc":{"start":{"line":31,"column":26},"end":{"line":31,"column":null}},"type":"cond-expr","locations":[{"start":{"line":31,"column":39},"end":{"line":31,"column":null}},{"start":{"line":31,"column":39},"end":{"line":31,"column":null}}]},"1":{"loc":{"start":{"line":31,"column":26},"end":{"line":31,"column":39}},"type":"binary-expr","locations":[{"start":{"line":31,"column":26},"end":{"line":31,"column":null}},{"start":{"line":31,"column":26},"end":{"line":31,"column":39}}]},"2":{"loc":{"start":{"line":43,"column":22},"end":{"line":43,"column":null}},"type":"cond-expr","locations":[{"start":{"line":43,"column":36},"end":{"line":43,"column":null}},{"start":{"line":43,"column":36},"end":{"line":43,"column":null}}]},"3":{"loc":{"start":{"line":43,"column":22},"end":{"line":43,"column":36}},"type":"binary-expr","locations":[{"start":{"line":43,"column":22},"end":{"line":43,"column":null}},{"start":{"line":43,"column":22},"end":{"line":43,"column":36}}]},"4":{"loc":{"start":{"line":49,"column":61},"end":{"line":49,"column":null}},"type":"cond-expr","locations":[{"start":{"line":49,"column":75},"end":{"line":49,"column":null}},{"start":{"line":49,"column":75},"end":{"line":49,"column":null}}]},"5":{"loc":{"start":{"line":49,"column":61},"end":{"line":49,"column":75}},"type":"binary-expr","locations":[{"start":{"line":49,"column":61},"end":{"line":49,"column":null}},{"start":{"line":49,"column":61},"end":{"line":49,"column":75}}]},"6":{"loc":{"start":{"line":27,"column":45},"end":{"line":27,"column":60}},"type":"cond-expr","locations":[{"start":{"line":27,"column":57},"end":{"line":27,"column":60}},{"start":{"line":27,"column":57},"end":{"line":27,"column":60}}]},"7":{"loc":{"start":{"line":27,"column":45},"end":{"line":27,"column":57}},"type":"binary-expr","locations":[{"start":{"line":27,"column":45},"end":{"line":27,"column":60}},{"start":{"line":27,"column":45},"end":{"line":27,"column":57}}]}},"s":{"0":0,"1":0,"2":0,"3":0,"4":0,"5":0,"6":0,"7":0,"8":0,"9":0,"10":0,"11":0,"12":0,"13":0,"14":0,"15":0,"16":0,"17":0,"18":0,"19":0,"20":0,"21":0,"22":0,"23":0,"24":0,"25":0,"26":0,"27":0},"f":{"0":0,"1":0,"2":0,"3":0,"4":0,"5":0,"6":0,"7":0,"8":0,"9":0,"10":0},"b":{"0":[0,0],"1":[0,0],"2":[0,0],"3":[0,0],"4":[0,0],"5":[0,0],"6":[0,0],"7":[0,0]}}
,"C:\\Projects\\Ksusha\\strain_collection_v2\\backend\\src\\media\\media.module.ts": {"path":"C:\\Projects\\Ksusha\\strain_collection_v2\\backend\\src\\media\\media.module.ts","statementMap":{"0":{"start":{"line":1,"column":0},"end":{"line":1,"column":40}},"1":{"start":{"line":2,"column":0},"end":{"line":2,"column":47}},"2":{"start":{"line":3,"column":0},"end":{"line":3,"column":53}},"3":{"start":{"line":4,"column":0},"end":{"line":4,"column":55}},"4":{"start":{"line":5,"column":0},"end":{"line":5,"column":49}},"5":{"start":{"line":13,"column":7},"end":{"line":13,"column":null}},"6":{"start":{"line":13,"column":13},"end":{"line":13,"column":24}},"7":{"start":{"line":13,"column":13},"end":{"line":13,"column":null}}},"fnMap":{},"branchMap":{},"s":{"0":0,"1":0,"2":0,"3":0,"4":0,"5":0,"6":0,"7":0},"f":{},"b":{}}
,"C:\\Projects\\Ksusha\\strain_collection_v2\\backend\\src\\media\\media.service.ts": {"path":"C:\\Projects\\Ksusha\\strain_collection_v2\\backend\\src\\media\\media.service.ts","statementMap":{"0":{"start":{"line":1,"column":0},"end":{"line":1,"column":null}},"1":{"start":{"line":6,"column":0},"end":{"line":6,"column":57}},"2":{"start":{"line":12,"column":7},"end":{"line":103,"column":null}},"3":{"start":{"line":13,"column":22},"end":{"line":13,"column":30}},"4":{"start":{"line":16,"column":45},"end":{"line":16,"column":50}},"5":{"start":{"line":18,"column":23},"end":{"line":18,"column":25}},"6":{"start":{"line":19,"column":4},"end":{"line":24,"column":5}},"7":{"start":{"line":20,"column":6},"end":{"line":23,"column":8}},"8":{"start":{"line":26,"column":27},"end":{"line":34,"column":6}},"9":{"start":{"line":36,"column":4},"end":{"line":44,"column":6}},"10":{"start":{"line":48,"column":18},"end":{"line":57,"column":6}},"11":{"start":{"line":59,"column":4},"end":{"line":61,"column":5}},"12":{"start":{"line":60,"column":6},"end":{"line":60,"column":67}},"13":{"start":{"line":63,"column":4},"end":{"line":63,"column":17}},"14":{"start":{"line":67,"column":4},"end":{"line":69,"column":7}},"15":{"start":{"line":73,"column":4},"end":{"line":73,"column":32}},"16":{"start":{"line":74,"column":4},"end":{"line":77,"column":7}},"17":{"start":{"line":81,"column":4},"end":{"line":81,"column":32}},"18":{"start":{"line":83,"column":23},"end":{"line":85,"column":6}},"19":{"start":{"line":86,"column":4},"end":{"line":90,"column":5}},"20":{"start":{"line":87,"column":6},"end":{"line":89,"column":8}},"21":{"start":{"line":92,"column":4},"end":{"line":94,"column":7}},"22":{"start":{"line":98,"column":18},"end":{"line":98,"column":71}},"23":{"start":{"line":99,"column":4},"end":{"line":101,"column":5}},"24":{"start":{"line":100,"column":6},"end":{"line":100,"column":67}},"25":{"start":{"line":12,"column":13},"end":{"line":12,"column":25}},"26":{"start":{"line":12,"column":13},"end":{"line":103,"column":null}}},"fnMap":{"0":{"name":"(anonymous_2)","decl":{"start":{"line":13,"column":2},"end":{"line":13,"column":22}},"loc":{"start":{"line":13,"column":43},"end":{"line":13,"column":47}}},"1":{"name":"(anonymous_3)","decl":{"start":{"line":15,"column":2},"end":{"line":15,"column":7}},"loc":{"start":{"line":15,"column":36},"end":{"line":45,"column":3}}},"2":{"name":"(anonymous_4)","decl":{"start":{"line":47,"column":2},"end":{"line":47,"column":7}},"loc":{"start":{"line":47,"column":26},"end":{"line":64,"column":3}}},"3":{"name":"(anonymous_5)","decl":{"start":{"line":66,"column":2},"end":{"line":66,"column":7}},"loc":{"start":{"line":66,"column":34},"end":{"line":70,"column":3}}},"4":{"name":"(anonymous_6)","decl":{"start":{"line":72,"column":2},"end":{"line":72,"column":7}},"loc":{"start":{"line":72,"column":46},"end":{"line":78,"column":3}}},"5":{"name":"(anonymous_7)","decl":{"start":{"line":80,"column":2},"end":{"line":80,"column":7}},"loc":{"start":{"line":80,"column":25},"end":{"line":95,"column":3}}},"6":{"name":"(anonymous_8)","decl":{"start":{"line":97,"column":10},"end":{"line":97,"column":15}},"loc":{"start":{"line":97,"column":39},"end":{"line":102,"column":3}}}},"branchMap":{"0":{"loc":{"start":{"line":16,"column":20},"end":{"line":16,"column":28}},"type":"default-arg","locations":[{"start":{"line":16,"column":27},"end":{"line":16,"column":28}}]},"1":{"loc":{"start":{"line":16,"column":30},"end":{"line":16,"column":40}},"type":"default-arg","locations":[{"start":{"line":16,"column":38},"end":{"line":16,"column":40}}]},"2":{"loc":{"start":{"line":19,"column":4},"end":{"line":24,"column":5}},"type":"if","locations":[{"start":{"line":19,"column":4},"end":{"line":24,"column":5}},{"start":{},"end":{}}]},"3":{"loc":{"start":{"line":59,"column":4},"end":{"line":61,"column":5}},"type":"if","locations":[{"start":{"line":59,"column":4},"end":{"line":61,"column":5}},{"start":{},"end":{}}]},"4":{"loc":{"start":{"line":86,"column":4},"end":{"line":90,"column":5}},"type":"if","locations":[{"start":{"line":86,"column":4},"end":{"line":90,"column":5}},{"start":{},"end":{}}]},"5":{"loc":{"start":{"line":99,"column":4},"end":{"line":101,"column":5}},"type":"if","locations":[{"start":{"line":99,"column":4},"end":{"line":101,"column":5}},{"start":{},"end":{}}]},"6":{"loc":{"start":{"line":13,"column":30},"end":{"line":13,"column":46}},"type":"cond-expr","locations":[{"start":{"line":13,"column":43},"end":{"line":13,"column":46}},{"start":{"line":13,"column":43},"end":{"line":13,"column":46}}]},"7":{"loc":{"start":{"line":13,"column":30},"end":{"line":13,"column":43}},"type":"binary-expr","locations":[{"start":{"line":13,"column":30},"end":{"line":13,"column":46}},{"start":{"line":13,"column":30},"end":{"line":13,"column":43}}]}},"s":{"0":1,"1":1,"2":1,"3":1,"4":1,"5":1,"6":1,"7":1,"8":1,"9":1,"10":0,"11":0,"12":0,"13":0,"14":0,"15":0,"16":0,"17":0,"18":0,"19":0,"20":0,"21":0,"22":0,"23":0,"24":0,"25":1,"26":1},"f":{"0":1,"1":1,"2":0,"3":0,"4":0,"5":0,"6":0},"b":{"0":[0],"1":[0],"2":[1,0],"3":[0,0],"4":[0,0],"5":[0,0],"6":[1,0],"7":[1,1]}}
,"C:\\Projects\\Ksusha\\strain_collection_v2\\backend\\src\\media\\dto\\create-media.dto.ts": {"path":"C:\\Projects\\Ksusha\\strain_collection_v2\\backend\\src\\media\\dto\\create-media.dto.ts","statementMap":{"0":{"start":{"line":1,"column":0},"end":{"line":1,"column":55}},"1":{"start":{"line":3,"column":0},"end":{"line":3,"column":13}},"2":{"start":{"line":5,"column":2},"end":{"line":5,"column":null}},"3":{"start":{"line":9,"column":2},"end":{"line":9,"column":null}}},"fnMap":{},"branchMap":{},"s":{"0":0,"1":0,"2":0,"3":0},"f":{},"b":{}}
,"C:\\Projects\\Ksusha\\strain_collection_v2\\backend\\src\\media\\dto\\media-query.dto.ts": {"path":"C:\\Projects\\Ksusha\\strain_collection_v2\\backend\\src\\media\\dto\\media-query.dto.ts","statementMap":{"0":{"start":{"line":1,"column":0},"end":{"line":1,"column":62}},"1":{"start":{"line":2,"column":0},"end":{"line":2,"column":41}},"2":{"start":{"line":4,"column":0},"end":{"line":4,"column":13}},"3":{"start":{"line":7,"column":2},"end":{"line":7,"column":null}},"4":{"start":{"line":12,"column":2},"end":{"line":12,"column":null}},"5":{"start":{"line":11,"column":14},"end":{"line":11,"column":20}},"6":{"start":{"line":17,"column":2},"end":{"line":17,"column":null}},"7":{"start":{"line":16,"column":14},"end":{"line":16,"column":20}}},"fnMap":{"0":{"name":"(anonymous_2)","decl":{"start":{"line":11,"column":8},"end":{"line":11,"column":11}},"loc":{"start":{"line":11,"column":14},"end":{"line":11,"column":20}}},"1":{"name":"(anonymous_3)","decl":{"start":{"line":16,"column":8},"end":{"line":16,"column":11}},"loc":{"start":{"line":16,"column":14},"end":{"line":16,"column":20}}}},"branchMap":{},"s":{"0":0,"1":0,"2":0,"3":0,"4":0,"5":0,"6":0,"7":0},"f":{"0":0,"1":0},"b":{}}
,"C:\\Projects\\Ksusha\\strain_collection_v2\\backend\\src\\media\\dto\\update-media.dto.ts": {"path":"C:\\Projects\\Ksusha\\strain_collection_v2\\backend\\src\\media\\dto\\update-media.dto.ts","statementMap":{"0":{"start":{"line":1,"column":0},"end":{"line":1,"column":51}},"1":{"start":{"line":2,"column":0},"end":{"line":2,"column":52}},"2":{"start":{"line":4,"column":0},"end":{"line":4,"column":13}}},"fnMap":{},"branchMap":{},"s":{"0":0,"1":0,"2":0},"f":{},"b":{}}
,"C:\\Projects\\Ksusha\\strain_collection_v2\\backend\\src\\prisma\\prisma.module.ts": {"path":"C:\\Projects\\Ksusha\\strain_collection_v2\\backend\\src\\prisma\\prisma.module.ts","statementMap":{"0":{"start":{"line":1,"column":0},"end":{"line":1,"column":48}},"1":{"start":{"line":2,"column":0},"end":{"line":2,"column":49}},"2":{"start":{"line":9,"column":7},"end":{"line":9,"column":null}},"3":{"start":{"line":9,"column":13},"end":{"line":9,"column":25}},"4":{"start":{"line":9,"column":13},"end":{"line":9,"column":null}}},"fnMap":{},"branchMap":{},"s":{"0":0,"1":0,"2":0,"3":0,"4":0},"f":{},"b":{}}
,"C:\\Projects\\Ksusha\\strain_collection_v2\\backend\\src\\prisma\\prisma.service.ts": {"path":"C:\\Projects\\Ksusha\\strain_collection_v2\\backend\\src\\prisma\\prisma.service.ts","statementMap":{"0":{"start":{"line":1,"column":0},"end":{"line":1,"column":58}},"1":{"start":{"line":2,"column":0},"end":{"line":2,"column":46}},"2":{"start":{"line":5,"column":7},"end":{"line":13,"column":null}},"3":{"start":{"line":7,"column":4},"end":{"line":7,"column":26}},"4":{"start":{"line":11,"column":4},"end":{"line":11,"column":29}},"5":{"start":{"line":5,"column":13},"end":{"line":5,"column":26}},"6":{"start":{"line":5,"column":13},"end":{"line":13,"column":null}}},"fnMap":{"0":{"name":"(anonymous_1)","decl":{"start":{"line":6,"column":2},"end":{"line":6,"column":7}},"loc":{"start":{"line":6,"column":20},"end":{"line":8,"column":3}}},"1":{"name":"(anonymous_2)","decl":{"start":{"line":10,"column":2},"end":{"line":10,"column":7}},"loc":{"start":{"line":10,"column":23},"end":{"line":12,"column":3}}}},"branchMap":{},"s":{"0":8,"1":8,"2":8,"3":0,"4":0,"5":8,"6":8},"f":{"0":0,"1":0},"b":{}}
,"C:\\Projects\\Ksusha\\strain_collection_v2\\backend\\src\\samples\\samples.controller.ts": {"path":"C:\\Projects\\Ksusha\\strain_collection_v2\\backend\\src\\samples\\samples.controller.ts","statementMap":{"0":{"start":{"line":1,"column":0},"end":{"line":1,"column":null}},"1":{"start":{"line":17,"column":0},"end":{"line":17,"column":59}},"2":{"start":{"line":18,"column":0},"end":{"line":18,"column":70}},"3":{"start":{"line":19,"column":0},"end":{"line":19,"column":51}},"4":{"start":{"line":20,"column":0},"end":{"line":20,"column":58}},"5":{"start":{"line":21,"column":0},"end":{"line":21,"column":58}},"6":{"start":{"line":22,"column":0},"end":{"line":22,"column":56}},"7":{"start":{"line":23,"column":0},"end":{"line":23,"column":54}},"8":{"start":{"line":24,"column":0},"end":{"line":24,"column":55}},"9":{"start":{"line":25,"column":0},"end":{"line":25,"column":65}},"10":{"start":{"line":26,"column":0},"end":{"line":26,"column":69}},"11":{"start":{"line":33,"column":7},"end":{"line":112,"column":null}},"12":{"start":{"line":34,"column":31},"end":{"line":34,"column":47}},"13":{"start":{"line":41,"column":4},"end":{"line":41,"column":46}},"14":{"start":{"line":47,"column":4},"end":{"line":47,"column":43}},"15":{"start":{"line":53,"column":4},"end":{"line":53,"column":55}},"16":{"start":{"line":62,"column":4},"end":{"line":62,"column":59}},"17":{"start":{"line":68,"column":4},"end":{"line":68,"column":42}},"18":{"start":{"line":101,"column":4},"end":{"line":103,"column":5}},"19":{"start":{"line":102,"column":6},"end":{"line":102,"column":56}},"20":{"start":{"line":104,"column":4},"end":{"line":104,"column":53}},"21":{"start":{"line":110,"column":4},"end":{"line":110,"column":52}},"22":{"start":{"line":33,"column":13},"end":{"line":33,"column":30}},"23":{"start":{"line":38,"column":2},"end":{"line":42,"column":null}},"24":{"start":{"line":37,"column":30},"end":{"line":37,"column":59}},"25":{"start":{"line":46,"column":2},"end":{"line":48,"column":null}},"26":{"start":{"line":45,"column":30},"end":{"line":45,"column":59}},"27":{"start":{"line":52,"column":2},"end":{"line":54,"column":null}},"28":{"start":{"line":51,"column":30},"end":{"line":51,"column":61}},"29":{"start":{"line":58,"column":2},"end":{"line":63,"column":null}},"30":{"start":{"line":57,"column":30},"end":{"line":57,"column":61}},"31":{"start":{"line":67,"column":2},"end":{"line":69,"column":null}},"32":{"start":{"line":66,"column":30},"end":{"line":66,"column":61}},"33":{"start":{"line":97,"column":2},"end":{"line":105,"column":null}},"34":{"start":{"line":72,"column":30},"end":{"line":72,"column":60}},"35":{"start":{"line":78,"column":29},"end":{"line":83,"column":10}},"36":{"start":{"line":84,"column":8},"end":{"line":93,"column":9}},"37":{"start":{"line":85,"column":10},"end":{"line":85,"column":25}},"38":{"start":{"line":87,"column":10},"end":{"line":92,"column":12}},"39":{"start":{"line":109,"column":2},"end":{"line":111,"column":null}},"40":{"start":{"line":108,"column":30},"end":{"line":108,"column":60}},"41":{"start":{"line":33,"column":13},"end":{"line":112,"column":null}}},"fnMap":{"0":{"name":"(anonymous_4)","decl":{"start":{"line":34,"column":2},"end":{"line":34,"column":31}},"loc":{"start":{"line":34,"column":61},"end":{"line":34,"column":65}}},"1":{"name":"(anonymous_5)","decl":{"start":{"line":38,"column":2},"end":{"line":38,"column":9}},"loc":{"start":{"line":39,"column":73},"end":{"line":42,"column":3}}},"2":{"name":"(anonymous_6)","decl":{"start":{"line":46,"column":2},"end":{"line":46,"column":9}},"loc":{"start":{"line":46,"column":47},"end":{"line":48,"column":3}}},"3":{"name":"(anonymous_7)","decl":{"start":{"line":52,"column":2},"end":{"line":52,"column":8}},"loc":{"start":{"line":52,"column":49},"end":{"line":54,"column":3}}},"4":{"name":"(anonymous_8)","decl":{"start":{"line":58,"column":2},"end":{"line":58,"column":8}},"loc":{"start":{"line":60,"column":44},"end":{"line":63,"column":3}}},"5":{"name":"(anonymous_9)","decl":{"start":{"line":67,"column":2},"end":{"line":67,"column":8}},"loc":{"start":{"line":67,"column":46},"end":{"line":69,"column":3}}},"6":{"name":"(anonymous_10)","decl":{"start":{"line":97,"column":2},"end":{"line":97,"column":13}},"loc":{"start":{"line":99,"column":45},"end":{"line":105,"column":3}}},"7":{"name":"(anonymous_11)","decl":{"start":{"line":109,"column":2},"end":{"line":109,"column":13}},"loc":{"start":{"line":109,"column":61},"end":{"line":111,"column":3}}},"8":{"name":"(anonymous_12)","decl":{"start":{"line":37,"column":17},"end":{"line":37,"column":18}},"loc":{"start":{"line":37,"column":30},"end":{"line":37,"column":59}}},"9":{"name":"(anonymous_13)","decl":{"start":{"line":45,"column":17},"end":{"line":45,"column":18}},"loc":{"start":{"line":45,"column":30},"end":{"line":45,"column":59}}},"10":{"name":"(anonymous_14)","decl":{"start":{"line":51,"column":17},"end":{"line":51,"column":18}},"loc":{"start":{"line":51,"column":30},"end":{"line":51,"column":61}}},"11":{"name":"(anonymous_15)","decl":{"start":{"line":57,"column":17},"end":{"line":57,"column":18}},"loc":{"start":{"line":57,"column":30},"end":{"line":57,"column":61}}},"12":{"name":"(anonymous_16)","decl":{"start":{"line":66,"column":17},"end":{"line":66,"column":18}},"loc":{"start":{"line":66,"column":30},"end":{"line":66,"column":61}}},"13":{"name":"(anonymous_17)","decl":{"start":{"line":72,"column":17},"end":{"line":72,"column":18}},"loc":{"start":{"line":72,"column":30},"end":{"line":72,"column":60}}},"14":{"name":"(anonymous_18)","decl":{"start":{"line":77,"column":18},"end":{"line":77,"column":19}},"loc":{"start":{"line":77,"column":36},"end":{"line":94,"column":7}}},"15":{"name":"(anonymous_19)","decl":{"start":{"line":108,"column":17},"end":{"line":108,"column":18}},"loc":{"start":{"line":108,"column":30},"end":{"line":108,"column":60}}}},"branchMap":{"0":{"loc":{"start":{"line":101,"column":4},"end":{"line":103,"column":5}},"type":"if","locations":[{"start":{"line":101,"column":4},"end":{"line":103,"column":5}},{"start":{},"end":{}}]},"1":{"loc":{"start":{"line":39,"column":59},"end":{"line":39,"column":null}},"type":"cond-expr","locations":[{"start":{"line":39,"column":73},"end":{"line":39,"column":null}},{"start":{"line":39,"column":73},"end":{"line":39,"column":null}}]},"2":{"loc":{"start":{"line":39,"column":59},"end":{"line":39,"column":73}},"type":"binary-expr","locations":[{"start":{"line":39,"column":59},"end":{"line":39,"column":null}},{"start":{"line":39,"column":59},"end":{"line":39,"column":73}}]},"3":{"loc":{"start":{"line":52,"column":34},"end":{"line":52,"column":null}},"type":"cond-expr","locations":[{"start":{"line":52,"column":49},"end":{"line":52,"column":null}},{"start":{"line":52,"column":49},"end":{"line":52,"column":null}}]},"4":{"loc":{"start":{"line":52,"column":34},"end":{"line":52,"column":49}},"type":"binary-expr","locations":[{"start":{"line":52,"column":34},"end":{"line":52,"column":null}},{"start":{"line":52,"column":34},"end":{"line":52,"column":49}}]},"5":{"loc":{"start":{"line":60,"column":29},"end":{"line":60,"column":null}},"type":"cond-expr","locations":[{"start":{"line":60,"column":44},"end":{"line":60,"column":null}},{"start":{"line":60,"column":44},"end":{"line":60,"column":null}}]},"6":{"loc":{"start":{"line":60,"column":29},"end":{"line":60,"column":44}},"type":"binary-expr","locations":[{"start":{"line":60,"column":29},"end":{"line":60,"column":null}},{"start":{"line":60,"column":29},"end":{"line":60,"column":44}}]},"7":{"loc":{"start":{"line":84,"column":8},"end":{"line":93,"column":9}},"type":"if","locations":[{"start":{"line":84,"column":8},"end":{"line":93,"column":9}},{"start":{"line":86,"column":15},"end":{"line":93,"column":9}}]},"8":{"loc":{"start":{"line":99,"column":26},"end":{"line":99,"column":null}},"type":"cond-expr","locations":[{"start":{"line":99,"column":45},"end":{"line":99,"column":null}},{"start":{"line":99,"column":45},"end":{"line":99,"column":null}}]},"9":{"loc":{"start":{"line":99,"column":26},"end":{"line":99,"column":45}},"type":"binary-expr","locations":[{"start":{"line":99,"column":26},"end":{"line":99,"column":34}},{"start":{"line":99,"column":33},"end":{"line":99,"column":41}},{"start":{"line":99,"column":40},"end":{"line":99,"column":45}}]},"10":{"loc":{"start":{"line":34,"column":47},"end":{"line":34,"column":64}},"type":"cond-expr","locations":[{"start":{"line":34,"column":61},"end":{"line":34,"column":64}},{"start":{"line":34,"column":61},"end":{"line":34,"column":64}}]},"11":{"loc":{"start":{"line":34,"column":47},"end":{"line":34,"column":61}},"type":"binary-expr","locations":[{"start":{"line":34,"column":47},"end":{"line":34,"column":64}},{"start":{"line":34,"column":47},"end":{"line":34,"column":61}}]}},"s":{"0":0,"1":0,"2":0,"3":0,"4":0,"5":0,"6":0,"7":0,"8":0,"9":0,"10":0,"11":0,"12":0,"13":0,"14":0,"15":0,"16":0,"17":0,"18":0,"19":0,"20":0,"21":0,"22":0,"23":0,"24":0,"25":0,"26":0,"27":0,"28":0,"29":0,"30":0,"31":0,"32":0,"33":0,"34":0,"35":0,"36":0,"37":0,"38":0,"39":0,"40":0,"41":0},"f":{"0":0,"1":0,"2":0,"3":0,"4":0,"5":0,"6":0,"7":0,"8":0,"9":0,"10":0,"11":0,"12":0,"13":0,"14":0,"15":0},"b":{"0":[0,0],"1":[0,0],"2":[0,0],"3":[0,0],"4":[0,0],"5":[0,0],"6":[0,0],"7":[0,0],"8":[0,0],"9":[0,0,0],"10":[0,0],"11":[0,0]}}
,"C:\\Projects\\Ksusha\\strain_collection_v2\\backend\\src\\samples\\samples.module.ts": {"path":"C:\\Projects\\Ksusha\\strain_collection_v2\\backend\\src\\samples\\samples.module.ts","statementMap":{"0":{"start":{"line":1,"column":0},"end":{"line":1,"column":40}},"1":{"start":{"line":2,"column":0},"end":{"line":2,"column":46}},"2":{"start":{"line":3,"column":0},"end":{"line":3,"column":57}},"3":{"start":{"line":4,"column":0},"end":{"line":4,"column":51}},"4":{"start":{"line":5,"column":0},"end":{"line":5,"column":63}},"5":{"start":{"line":6,"column":0},"end":{"line":6,"column":49}},"6":{"start":{"line":7,"column":0},"end":{"line":7,"column":52}},"7":{"start":{"line":8,"column":0},"end":{"line":8,"column":55}},"8":{"start":{"line":16,"column":7},"end":{"line":16,"column":null}},"9":{"start":{"line":16,"column":13},"end":{"line":16,"column":26}},"10":{"start":{"line":16,"column":13},"end":{"line":16,"column":null}}},"fnMap":{},"branchMap":{},"s":{"0":0,"1":0,"2":0,"3":0,"4":0,"5":0,"6":0,"7":0,"8":0,"9":0,"10":0},"f":{},"b":{}}
[...]
start":{"line":90,"column":4},"end":{"line":98,"column":6}},"32":{"start":{"line":102,"column":19},"end":{"line":121,"column":6}},"33":{"start":{"line":123,"column":4},"end":{"line":125,"column":5}},"34":{"start":{"line":124,"column":6},"end":{"line":124,"column":68}},"35":{"start":{"line":127,"column":4},"end":{"line":127,"column":18}},"36":{"start":{"line":131,"column":4},"end":{"line":138,"column":7}},"37":{"start":{"line":142,"column":4},"end":{"line":142,"column":27}},"38":{"start":{"line":144,"column":4},"end":{"line":152,"column":7}},"39":{"start":{"line":156,"column":4},"end":{"line":156,"column":27}},"40":{"start":{"line":158,"column":4},"end":{"line":160,"column":7}},"41":{"start":{"line":162,"column":4},"end":{"line":162,"column":68}},"42":{"start":{"line":166,"column":4},"end":{"line":166,"column":33}},"43":{"start":{"line":167,"column":18},"end":{"line":169,"column":6}},"44":{"start":{"line":170,"column":4},"end":{"line":172,"column":5}},"45":{"start":{"line":171,"column":6},"end":{"line":171,"column":72}},"46":{"start":{"line":174,"column":21},"end":{"line":176,"column":6}},"47":{"start":{"line":177,"column":4},"end":{"line":179,"column":5}},"48":{"start":{"line":178,"column":6},"end":{"line":178,"column":70}},"49":{"start":{"line":181,"column":4},"end":{"line":187,"column":7}},"50":{"start":{"line":191,"column":4},"end":{"line":191,"column":33}},"51":{"start":{"line":192,"column":21},"end":{"line":194,"column":6}},"52":{"start":{"line":195,"column":4},"end":{"line":197,"column":5}},"53":{"start":{"line":196,"column":6},"end":{"line":196,"column":58}},"54":{"start":{"line":199,"column":4},"end":{"line":201,"column":7}},"55":{"start":{"line":203,"column":4},"end":{"line":203,"column":45}},"56":{"start":{"line":12,"column":13},"end":{"line":12,"column":27}},"57":{"start":{"line":12,"column":13},"end":{"line":205,"column":null}}},"fnMap":{"0":{"name":"(anonymous_2)","decl":{"start":{"line":13,"column":2},"end":{"line":13,"column":22}},"loc":{"start":{"line":13,"column":43},"end":{"line":13,"column":47}}},"1":{"name":"(anonymous_3)","decl":{"start":{"line":15,"column":2},"end":{"line":15,"column":7}},"loc":{"start":{"line":15,"column":37},"end":{"line":99,"column":3}}},"2":{"name":"(anonymous_4)","decl":{"start":{"line":101,"column":2},"end":{"line":101,"column":7}},"loc":{"start":{"line":101,"column":26},"end":{"line":128,"column":3}}},"3":{"name":"(anonymous_5)","decl":{"start":{"line":130,"column":2},"end":{"line":130,"column":7}},"loc":{"start":{"line":130,"column":47},"end":{"line":139,"column":3}}},"4":{"name":"(anonymous_6)","decl":{"start":{"line":141,"column":2},"end":{"line":141,"column":7}},"loc":{"start":{"line":141,"column":59},"end":{"line":153,"column":3}}},"5":{"name":"(anonymous_7)","decl":{"start":{"line":155,"column":2},"end":{"line":155,"column":7}},"loc":{"start":{"line":155,"column":25},"end":{"line":163,"column":3}}},"6":{"name":"(anonymous_8)","decl":{"start":{"line":165,"column":2},"end":{"line":165,"column":7}},"loc":{"start":{"line":165,"column":66},"end":{"line":188,"column":3}}},"7":{"name":"(anonymous_9)","decl":{"start":{"line":190,"column":2},"end":{"line":190,"column":7}},"loc":{"start":{"line":190,"column":53},"end":{"line":204,"column":3}}}},"branchMap":{"0":{"loc":{"start":{"line":29,"column":6},"end":{"line":29,"column":14}},"type":"default-arg","locations":[{"start":{"line":29,"column":13},"end":{"line":29,"column":14}}]},"1":{"loc":{"start":{"line":30,"column":6},"end":{"line":30,"column":16}},"type":"default-arg","locations":[{"start":{"line":30,"column":14},"end":{"line":30,"column":16}}]},"2":{"loc":{"start":{"line":35,"column":4},"end":{"line":35,"column":58}},"type":"if","locations":[{"start":{"line":35,"column":4},"end":{"line":35,"column":58}},{"start":{},"end":{}}]},"3":{"loc":{"start":{"line":36,"column":4},"end":{"line":36,"column":43}},"type":"if","locations":[{"start":{"line":36,"column":4},"end":{"line":36,"column":43}},{"start":{},"end":{}}]},"4":{"loc":{"start":{"line":37,"column":4},"end":{"line":37,"column":47}},"type":"if","locations":[{"start":{"line":37,"column":4},"end":{"line":37,"column":47}},{"start":{},"end":{}}]},"5":{"loc":{"start":{"line":38,"column":4},"end":{"line":38,"column":64}},"type":"if","locations":[{"start":{"line":38,"column":4},"end":{"line":38,"column":64}},{"start":{},"end":{}}]},"6":{"loc":{"start":{"line":39,"column":4},"end":{"line":39,"column":70}},"type":"if","locations":[{"start":{"line":39,"column":4},"end":{"line":39,"column":70}},{"start":{},"end":{}}]},"7":{"loc":{"start":{"line":40,"column":4},"end":{"line":41,"column":48}},"type":"if","locations":[{"start":{"line":40,"column":4},"end":{"line":41,"column":48}},{"start":{},"end":{}}]},"8":{"loc":{"start":{"line":42,"column":4},"end":{"line":46,"column":8}},"type":"if","locations":[{"start":{"line":42,"column":4},"end":{"line":46,"column":8}},{"start":{},"end":{}}]},"9":{"loc":{"start":{"line":47,"column":4},"end":{"line":47,"column":73}},"type":"if","locations":[{"start":{"line":47,"column":4},"end":{"line":47,"column":73}},{"start":{},"end":{}}]},"10":{"loc":{"start":{"line":48,"column":4},"end":{"line":50,"column":5}},"type":"if","locations":[{"start":{"line":48,"column":4},"end":{"line":50,"column":5}},{"start":{},"end":{}}]},"11":{"loc":{"start":{"line":49,"column":21},"end":{"line":49,"column":53}},"type":"cond-expr","locations":[{"start":{"line":49,"column":33},"end":{"line":49,"column":46}},{"start":{"line":49,"column":49},"end":{"line":49,"column":53}}]},"12":{"loc":{"start":{"line":51,"column":4},"end":{"line":56,"column":5}},"type":"if","locations":[{"start":{"line":51,"column":4},"end":{"line":56,"column":5}},{"start":{},"end":{}}]},"13":{"loc":{"start":{"line":53,"column":12},"end":{"line":53,"column":26}},"type":"binary-expr","locations":[{"start":{"line":53,"column":12},"end":{"line":53,"column":20}},{"start":{"line":53,"column":24},"end":{"line":53,"column":26}}]},"14":{"loc":{"start":{"line":57,"column":4},"end":{"line":61,"column":5}},"type":"if","locations":[{"start":{"line":57,"column":4},"end":{"line":61,"column":5}},{"start":{},"end":{}}]},"15":{"loc":{"start":{"line":63,"column":4},"end":{"line":73,"column":5}},"type":"if","locations":[{"start":{"line":63,"column":4},"end":{"line":73,"column":5}},{"start":{},"end":{}}]},"16":{"loc":{"start":{"line":65,"column":12},"end":{"line":65,"column":26}},"type":"binary-expr","locations":[{"start":{"line":65,"column":12},"end":{"line":65,"column":20}},{"start":{"line":65,"column":24},"end":{"line":65,"column":26}}]},"17":{"loc":{"start":{"line":123,"column":4},"end":{"line":125,"column":5}},"type":"if","locations":[{"start":{"line":123,"column":4},"end":{"line":125,"column":5}},{"start":{},"end":{}}]},"18":{"loc":{"start":{"line":170,"column":4},"end":{"line":172,"column":5}},"type":"if","locations":[{"start":{"line":170,"column":4},"end":{"line":172,"column":5}},{"start":{},"end":{}}]},"19":{"loc":{"start":{"line":177,"column":4},"end":{"line":179,"column":5}},"type":"if","locations":[{"start":{"line":177,"column":4},"end":{"line":179,"column":5}},{"start":{},"end":{}}]},"20":{"loc":{"start":{"line":195,"column":4},"end":{"line":197,"column":5}},"type":"if","locations":[{"start":{"line":195,"column":4},"end":{"line":197,"column":5}},{"start":{},"end":{}}]},"21":{"loc":{"start":{"line":13,"column":30},"end":{"line":13,"column":46}},"type":"cond-expr","locations":[{"start":{"line":13,"column":43},"end":{"line":13,"column":46}},{"start":{"line":13,"column":43},"end":{"line":13,"column":46}}]},"22":{"loc":{"start":{"line":13,"column":30},"end":{"line":13,"column":43}},"type":"binary-expr","locations":[{"start":{"line":13,"column":30},"end":{"line":13,"column":46}},{"start":{"line":13,"column":30},"end":{"line":13,"column":43}}]}},"s":{"0":1,"1":1,"2":1,"3":3,"4":2,"5":2,"6":2,"7":0,"8":2,"9":0,"10":2,"11":0,"12":2,"13":0,"14":2,"15":0,"16":2,"17":0,"18":2,"19":0,"20":2,"21":0,"22":2,"23":1,"24":2,"25":0,"26":2,"27":0,"28":2,"29":0,"30":2,"31":2,"32":1,"33":1,"34":1,"35":0,"36":0,"37":0,"38":0,"39":1,"40":0,"41":0,"42":0,"43":0,"44":0,"45":0,"46":0,"47":0,"48":0,"49":0,"50":0,"51":0,"52":0,"53":0,"54":0,"55":0,"56":1,"57":1},"f":{"0":3,"1":2,"2":1,"3":0,"4":0,"5":1,"6":0,"7":0},"b":{"0":[1],"1":[1],"2":[0,2],"3":[0,2],"4":[0,2],"5":[0,2],"6":[0,2],"7":[0,2],"8":[0,2],"9":[0,2],"10":[1,1],"11":[1,0],"12":[0,2],"13":[0,0],"14":[0,2],"15":[0,2],"16":[0,0],"17":[1,0],"18":[0,0],"19":[0,0],"20":[0,0],"21":[1,0],"22":[1,1]}}
,"C:\\Projects\\Ksusha\\strain_collection_v2\\backend\\src\\strains\\dto\\create-strain.dto.ts": {"path":"C:\\Projects\\Ksusha\\strain_collection_v2\\backend\\src\\strains\\dto\\create-strain.dto.ts","statementMap":{"0":{"start":{"line":1,"column":0},"end":{"line":1,"column":null}},"1":{"start":{"line":9,"column":0},"end":{"line":9,"column":41}},"2":{"start":{"line":11,"column":0},"end":{"line":11,"column":13}},"3":{"start":{"line":13,"column":2},"end":{"line":13,"column":null}},"4":{"start":{"line":17,"column":2},"end":{"line":17,"column":null}},"5":{"start":{"line":16,"column":14},"end":{"line":16,"column":20}},"6":{"start":{"line":21,"column":2},"end":{"line":21,"column":null}},"7":{"start":{"line":25,"column":2},"end":{"line":25,"column":null}},"8":{"start":{"line":29,"column":2},"end":{"line":29,"column":null}},"9":{"start":{"line":33,"column":2},"end":{"line":33,"column":null}},"10":{"start":{"line":37,"column":2},"end":{"line":37,"column":null}},"11":{"start":{"line":36,"column":14},"end":{"line":36,"column":21}},"12":{"start":{"line":41,"column":2},"end":{"line":41,"column":null}},"13":{"start":{"line":45,"column":2},"end":{"line":45,"column":null}},"14":{"start":{"line":49,"column":2},"end":{"line":49,"column":null}},"15":{"start":{"line":53,"column":2},"end":{"line":53,"column":null}},"16":{"start":{"line":57,"column":2},"end":{"line":57,"column":null}},"17":{"start":{"line":56,"column":14},"end":{"line":56,"column":21}},"18":{"start":{"line":61,"column":2},"end":{"line":61,"column":null}},"19":{"start":{"line":60,"column":14},"end":{"line":60,"column":21}},"20":{"start":{"line":65,"column":2},"end":{"line":65,"column":null}},"21":{"start":{"line":64,"column":14},"end":{"line":64,"column":21}},"22":{"start":{"line":69,"column":2},"end":{"line":69,"column":null}},"23":{"start":{"line":73,"column":2},"end":{"line":78,"column":null}},"24":{"start":{"line":82,"column":2},"end":{"line":82,"column":null}},"25":{"start":{"line":86,"column":2},"end":{"line":86,"column":null}},"26":{"start":{"line":90,"column":2},"end":{"line":90,"column":null}}},"fnMap":{"0":{"name":"(anonymous_2)","decl":{"start":{"line":16,"column":8},"end":{"line":16,"column":11}},"loc":{"start":{"line":16,"column":14},"end":{"line":16,"column":20}}},"1":{"name":"(anonymous_3)","decl":{"start":{"line":36,"column":8},"end":{"line":36,"column":11}},"loc":{"start":{"line":36,"column":14},"end":{"line":36,"column":21}}},"2":{"name":"(anonymous_4)","decl":{"start":{"line":56,"column":8},"end":{"line":56,"column":11}},"loc":{"start":{"line":56,"column":14},"end":{"line":56,"column":21}}},"3":{"name":"(anonymous_5)","decl":{"start":{"line":60,"column":8},"end":{"line":60,"column":11}},"loc":{"start":{"line":60,"column":14},"end":{"line":60,"column":21}}},"4":{"name":"(anonymous_6)","decl":{"start":{"line":64,"column":8},"end":{"line":64,"column":11}},"loc":{"start":{"line":64,"column":14},"end":{"line":64,"column":21}}}},"branchMap":{"0":{"loc":{"start":{"line":21,"column":16},"end":{"line":21,"column":36}},"type":"cond-expr","locations":[{"start":{"line":21,"column":22},"end":{"line":21,"column":36}},{"start":{"line":21,"column":22},"end":{"line":21,"column":36}}]},"1":{"loc":{"start":{"line":21,"column":16},"end":{"line":21,"column":22}},"type":"binary-expr","locations":[{"start":{"line":21,"column":16},"end":{"line":21,"column":36}},{"start":{"line":21,"column":16},"end":{"line":21,"column":22}}]}},"s":{"0":0,"1":0,"2":0,"3":0,"4":0,"5":0,"6":0,"7":0,"8":0,"9":0,"10":0,"11":0,"12":0,"13":0,"14":0,"15":0,"16":0,"17":0,"18":0,"19":0,"20":0,"21":0,"22":0,"23":0,"24":0,"25":0,"26":0},"f":{"0":0,"1":0,"2":0,"3":0,"4":0},"b":{"0":[0,0],"1":[0,0]}}
,"C:\\Projects\\Ksusha\\strain_collection_v2\\backend\\src\\strains\\dto\\strain-query.dto.ts": {"path":"C:\\Projects\\Ksusha\\strain_collection_v2\\backend\\src\\strains\\dto\\strain-query.dto.ts","statementMap":{"0":{"start":{"line":1,"column":0},"end":{"line":1,"column":null}},"1":{"start":{"line":8,"column":0},"end":{"line":8,"column":52}},"2":{"start":{"line":10,"column":23},"end":{"line":15,"column":1}},"3":{"start":{"line":11,"column":2},"end":{"line":11,"column":78}},"4":{"start":{"line":11,"column":61},"end":{"line":11,"column":78}},"5":{"start":{"line":12,"column":2},"end":{"line":12,"column":54}},"6":{"start":{"line":12,"column":42},"end":{"line":12,"column":54}},"7":{"start":{"line":13,"column":2},"end":{"line":13,"column":57}},"8":{"start":{"line":13,"column":44},"end":{"line":13,"column":57}},"9":{"start":{"line":14,"column":2},"end":{"line":14,"column":15}},"10":{"start":{"line":17,"column":0},"end":{"line":17,"column":13}},"11":{"start":{"line":21,"column":2},"end":{"line":21,"column":null}},"12":{"start":{"line":20,"column":14},"end":{"line":20,"column":20}},"13":{"start":{"line":26,"column":2},"end":{"line":26,"column":null}},"14":{"start":{"line":30,"column":2},"end":{"line":30,"column":null}},"15":{"start":{"line":35,"column":2},"end":{"line":35,"column":null}},"16":{"start":{"line":40,"column":2},"end":{"line":40,"column":null}},"17":{"start":{"line":45,"column":2},"end":{"line":45,"column":null}},"18":{"start":{"line":49,"column":2},"end":{"line":49,"column":null}},"19":{"start":{"line":53,"column":2},"end":{"line":53,"column":null}},"20":{"start":{"line":57,"column":2},"end":{"line":57,"column":null}},"21":{"start":{"line":62,"column":2},"end":{"line":62,"column":null}},"22":{"start":{"line":66,"column":2},"end":{"line":66,"column":null}},"23":{"start":{"line":70,"column":2},"end":{"line":70,"column":null}},"24":{"start":{"line":75,"column":2},"end":{"line":75,"column":null}},"25":{"start":{"line":74,"column":14},"end":{"line":74,"column":20}},"26":{"start":{"line":80,"column":2},"end":{"line":80,"column":null}},"27":{"start":{"line":79,"column":14},"end":{"line":79,"column":20}}},"fnMap":{"0":{"name":"(anonymous_2)","decl":{"start":{"line":10,"column":23},"end":{"line":10,"column":24}},"loc":{"start":{"line":10,"column":53},"end":{"line":15,"column":1}}},"1":{"name":"(anonymous_3)","decl":{"start":{"line":20,"column":8},"end":{"line":20,"column":11}},"loc":{"start":{"line":20,"column":14},"end":{"line":20,"column":20}}},"2":{"name":"(anonymous_4)","decl":{"start":{"line":74,"column":8},"end":{"line":74,"column":11}},"loc":{"start":{"line":74,"column":14},"end":{"line":74,"column":20}}},"3":{"name":"(anonymous_5)","decl":{"start":{"line":79,"column":8},"end":{"line":79,"column":11}},"loc":{"start":{"line":79,"column":14},"end":{"line":79,"column":20}}}},"branchMap":{"0":{"loc":{"start":{"line":11,"column":2},"end":{"line":11,"column":78}},"type":"if","locations":[{"start":{"line":11,"column":2},"end":{"line":11,"column":78}},{"start":{},"end":{}}]},"1":{"loc":{"start":{"line":11,"column":6},"end":{"line":11,"column":59}},"type":"binary-expr","locations":[{"start":{"line":11,"column":6},"end":{"line":11,"column":25}},{"start":{"line":11,"column":29},"end":{"line":11,"column":43}},{"start":{"line":11,"column":47},"end":{"line":11,"column":59}}]},"2":{"loc":{"start":{"line":12,"column":2},"end":{"line":12,"column":54}},"type":"if","locations":[{"start":{"line":12,"column":2},"end":{"line":12,"column":54}},{"start":{},"end":{}}]},"3":{"loc":{"start":{"line":12,"column":6},"end":{"line":12,"column":40}},"type":"binary-expr","locations":[{"start":{"line":12,"column":6},"end":{"line":12,"column":22}},{"start":{"line":12,"column":26},"end":{"line":12,"column":40}}]},"4":{"loc":{"start":{"line":13,"column":2},"end":{"line":13,"column":57}},"type":"if","locations":[{"start":{"line":13,"column":2},"end":{"line":13,"column":57}},{"start":{},"end":{}}]},"5":{"loc":{"start":{"line":13,"column":6},"end":{"line":13,"column":42}},"type":"binary-expr","locations":[{"start":{"line":13,"column":6},"end":{"line":13,"column":23}},{"start":{"line":13,"column":27},"end":{"line":13,"column":42}}]}},"s":{"0":0,"1":0,"2":0,"3":0,"4":0,"5":0,"6":0,"7":0,"8":0,"9":0,"10":0,"11":0,"12":0,"13":0,"14":0,"15":0,"16":0,"17":0,"18":0,"19":0,"20":0,"21":0,"22":0,"23":0,"24":0,"25":0,"26":0,"27":0},"f":{"0":0,"1":0,"2":0,"3":0},"b":{"0":[0,0],"1":[0,0,0],"2":[0,0],"3":[0,0],"4":[0,0],"5":[0,0]}}
,"C:\\Projects\\Ksusha\\strain_collection_v2\\backend\\src\\strains\\dto\\update-strain.dto.ts": {"path":"C:\\Projects\\Ksusha\\strain_collection_v2\\backend\\src\\strains\\dto\\update-strain.dto.ts","statementMap":{"0":{"start":{"line":1,"column":0},"end":{"line":1,"column":51}},"1":{"start":{"line":2,"column":0},"end":{"line":2,"column":54}},"2":{"start":{"line":4,"column":0},"end":{"line":4,"column":13}}},"fnMap":{},"branchMap":{},"s":{"0":0,"1":0,"2":0},"f":{},"b":{}}
,"C:\\Projects\\Ksusha\\strain_collection_v2\\backend\\src\\users\\users.module.ts": {"path":"C:\\Projects\\Ksusha\\strain_collection_v2\\backend\\src\\users\\users.module.ts","statementMap":{"0":{"start":{"line":1,"column":0},"end":{"line":1,"column":40}},"1":{"start":{"line":2,"column":0},"end":{"line":2,"column":47}},"2":{"start":{"line":3,"column":0},"end":{"line":3,"column":55}},"3":{"start":{"line":10,"column":7},"end":{"line":10,"column":null}},"4":{"start":{"line":10,"column":13},"end":{"line":10,"column":24}},"5":{"start":{"line":10,"column":13},"end":{"line":10,"column":null}}},"fnMap":{},"branchMap":{},"s":{"0":0,"1":0,"2":0,"3":0,"4":0,"5":0},"f":{},"b":{}}
,"C:\\Projects\\Ksusha\\strain_collection_v2\\backend\\src\\users\\users.service.ts": {"path":"C:\\Projects\\Ksusha\\strain_collection_v2\\backend\\src\\users\\users.service.ts","statementMap":{"0":{"start":{"line":1,"column":0},"end":{"line":1,"column":44}},"1":{"start":{"line":2,"column":0},"end":{"line":2,"column":57}},"2":{"start":{"line":4,"column":0},"end":{"line":4,"column":33}},"3":{"start":{"line":7,"column":7},"end":{"line":33,"column":null}},"4":{"start":{"line":8,"column":22},"end":{"line":8,"column":30}},"5":{"start":{"line":11,"column":4},"end":{"line":14,"column":7}},"6":{"start":{"line":18,"column":4},"end":{"line":21,"column":7}},"7":{"start":{"line":25,"column":27},"end":{"line":25,"column":63}},"8":{"start":{"line":26,"column":4},"end":{"line":31,"column":7}},"9":{"start":{"line":7,"column":13},"end":{"line":7,"column":25}},"10":{"start":{"line":7,"column":13},"end":{"line":33,"column":null}}},"fnMap":{"0":{"name":"(anonymous_11)","decl":{"start":{"line":8,"column":2},"end":{"line":8,"column":22}},"loc":{"start":{"line":8,"column":43},"end":{"line":8,"column":47}}},"1":{"name":"(anonymous_12)","decl":{"start":{"line":10,"column":2},"end":{"line":10,"column":7}},"loc":{"start":{"line":10,"column":29},"end":{"line":15,"column":3}}},"2":{"name":"(anonymous_13)","decl":{"start":{"line":17,"column":2},"end":{"line":17,"column":7}},"loc":{"start":{"line":17,"column":27},"end":{"line":22,"column":3}}},"3":{"name":"(anonymous_14)","decl":{"start":{"line":24,"column":2},"end":{"line":24,"column":7}},"loc":{"start":{"line":24,"column":43},"end":{"line":32,"column":3}}}},"branchMap":{"0":{"loc":{"start":{"line":8,"column":30},"end":{"line":8,"column":46}},"type":"cond-expr","locations":[{"start":{"line":8,"column":43},"end":{"line":8,"column":46}},{"start":{"line":8,"column":43},"end":{"line":8,"column":46}}]},"1":{"loc":{"start":{"line":8,"column":30},"end":{"line":8,"column":43}},"type":"binary-expr","locations":[{"start":{"line":8,"column":30},"end":{"line":8,"column":46}},{"start":{"line":8,"column":30},"end":{"line":8,"column":43}}]}},"s":{"0":3,"1":3,"2":3,"3":3,"4":1,"5":0,"6":0,"7":0,"8":0,"9":3,"10":3},"f":{"0":1,"1":0,"2":0,"3":0},"b":{"0":[3,0],"1":[3,3]}}
}
